================================================================================
TEST CASE: bsa_json_to_html_specific::json_to_html.py::bsa_top_level_summary_is_used_even_if_detailed_results_differ
STATUS: WARNING
MESSAGE: 

post_check file_contains: /home/vepav01/arm-systemready/common/reports/_work/bsa_json_to_html_specific/json_to_html/2_bsa_top_level_summary_is_used_even_if_detailed_results_differ/detail.html contains 'FAILED' -> PASS

Command: /usr/bin/python3 /home/vepav01/arm-systemready/common/log_parser/bsa/json_to_html.py /home/vepav01/arm-systemready/common/reports/_work/bsa_json_to_html_specific/json_to_html/2_bsa_top_level_summary_is_used_even_if_detailed_results_differ/bsa.json /home/vepav01/arm-systemready/common/reports/_work/bsa_json_to_html_specific/json_to_html/2_bsa_top_level_summary_is_used_even_if_detailed_results_differ/detail.html /home/vepav01/arm-systemready/common/reports/_work/bsa_json_to_html_specific/json_to_html/2_bsa_top_level_summary_is_used_even_if_detailed_results_differ/summary.html
Shell mode: no
Timeout seconds: 20
Timed out: no
Exit code: 0
--- STDOUT ---

--- STDERR ---

--- POST CHECKS ---
post_check exists: /home/vepav01/arm-systemready/common/reports/_work/bsa_json_to_html_specific/json_to_html/2_bsa_top_level_summary_is_used_even_if_detailed_results_differ/detail.html -> PASS
post_check file_contains: /home/vepav01/arm-systemready/common/reports/_work/bsa_json_to_html_specific/json_to_html/2_bsa_top_level_summary_is_used_even_if_detailed_results_differ/detail.html contains 'BSA' -> PASS
post_check file_contains: /home/vepav01/arm-systemready/common/reports/_work/bsa_json_to_html_specific/json_to_html/2_bsa_top_level_summary_is_used_even_if_detailed_results_differ/detail.html contains 'Rule 1' -> PASS
post_check file_contains: /home/vepav01/arm-systemready/common/reports/_work/bsa_json_to_html_specific/json_to_html/2_bsa_top_level_summary_is_used_even_if_detailed_results_differ/detail.html contains 'FAILED' -> PASS
post_check exists: /home/vepav01/arm-systemready/common/reports/_work/bsa_json_to_html_specific/json_to_html/2_bsa_top_level_summary_is_used_even_if_detailed_results_differ/summary.html -> PASS
post_check file_contains: /home/vepav01/arm-systemready/common/reports/_work/bsa_json_to_html_specific/json_to_html/2_bsa_top_level_summary_is_used_even_if_detailed_results_differ/summary.html contains 'Result Summary' -> PASS
post_check file_contains: /home/vepav01/arm-systemready/common/reports/_work/bsa_json_to_html_specific/json_to_html/2_bsa_top_level_summary_is_used_even_if_detailed_results_differ/summary.html contains '<td class="pass">5</td>' -> PASS
post_check file_contains: /home/vepav01/arm-systemready/common/reports/_work/bsa_json_to_html_specific/json_to_html/2_bsa_top_level_summary_is_used_even_if_detailed_results_differ/summary.html contains '<td class="fail">0</td>' -> PASS
