================================================================================
TEST CASE: merge_jsons::merge_jsons.py::sbsa_present_is_promoted_to_mandatory_in_sr
STATUS: PASS
MESSAGE: CLI check passed

Command: /usr/bin/python3 /home/vepav01/arm-systemready/common/log_parser/merge_jsons.py /home/vepav01/arm-systemready/common/reports/_work/merge_jsons/merge_jsons/14_sbsa_present_is_promoted_to_mandatory_in_sr/merged.json /home/vepav01/arm-systemready/common/reports/_work/merge_jsons/merge_jsons/14_sbsa_present_is_promoted_to_mandatory_in_sr/acs_info.json /home/vepav01/arm-systemready/common/reports/_work/merge_jsons/merge_jsons/14_sbsa_present_is_promoted_to_mandatory_in_sr/sbsa.json
Shell mode: no
Timeout seconds: 20
Timed out: no
Exit code: 0
--- STDOUT ---
[91mSuite: Mandatory  : FWTS: Not Compliant: not run[0m
[91mSuite: Mandatory  : SCT: Not Compliant: not run[0m
Suite: Recommended: SBMR-IB: Not Run
Suite: Recommended: SBMR-OOB: Not Run
[91mSuite: Mandatory  : BSA: Not Compliant: not run[0m
Suite: Extension  : BBSR-FWTS: Not Run
Suite: Extension  : BBSR-TPM: Not Run
[91mSuite: Mandatory  : OS_TEST: Not Compliant: not run[0m
[91mSuite: Mandatory  : SBSA: Not Compliant: Failed 1[0m
Suite: Extension  : BBSR-SCT: Not Run

[91mSRS requirements compliance result: Not Compliant : Mandatory - (not run: FWTS, SCT, BSA, OS_TEST; failed: SBSA) : Recommended - (not run: SBMR-IB, SBMR-OOB)[0m

BBSR compliance results: Not run
--- STDERR ---
