================================================================================
TEST CASE: parser_common::Parser.py::cli_help_flag_shows_usage_and_flags
STATUS: PASS
MESSAGE: CLI check passed

Command: /usr/bin/python3 /home/vepav01/arm-systemready/common/parser/Parser.py --help
Shell mode: no
Timeout seconds: 20
Timed out: no
Exit code: 0
--- STDOUT ---
usage: Parser.py [-h] [-bsa] [-sbsa] [-fwts] [-automation]
                 [-automation_bsa_run] [-automation_sbsa_run]
                 [-automation_fwts_run] [-automation_bbsr_fwts_run]
                 [-automation_bbsr_tpm_run] [--config CONFIG]
                 [-automation_sbmr_in_band_run]

Config parser

options:
  -h, --help            show this help message and exit
  -bsa                  Process BSA section
  -sbsa                 Process SBSA section
  -fwts                 Process FWTS section
  -automation           Process generic section
  -automation_bsa_run   Check if BSA is enabled
  -automation_sbsa_run  Check if SBSA is enabled
  -automation_fwts_run  Check if FWTS is enabled
  -automation_bbsr_fwts_run
                        Check if BBSR FWTS is enabled
  -automation_bbsr_tpm_run
                        Check if BBSR TPM is enabled
  --config CONFIG       Path to the config file
  -automation_sbmr_in_band_run
                        Check if SBMR is enabled
--- STDERR ---
