====================================================================================================
RUN START: 2026-06-11 09:32:28
YAML: common/test_yaml/logs-to-json.yaml
SUITE: sr_logs_to_json_specific
TARGETS: common/log_parser/os_tests/sr_logs_to_json.py
====================================================================================================

================================================================================
TEST CASE: sr_logs_to_json_specific::sr_logs_to_json.py::has_sr_keyword
STATUS: PASS
MESSAGE: All patterns matched

================================================================================
TEST CASE: sr_logs_to_json_specific::sr_logs_to_json.py::has_sr_parse_logic
STATUS: PASS
MESSAGE: All patterns matched

================================================================================
TEST CASE: sr_logs_to_json_specific::sr_logs_to_json.py::has_sr_status_handling
STATUS: PASS
MESSAGE: All patterns matched

================================================================================
TEST CASE: sr_logs_to_json_specific::sr_logs_to_json.py::cli_requires_three_args
STATUS: PASS
MESSAGE: CLI check passed

Command: /usr/bin/python3 /home/vepav01/arm-systemready/common/log_parser/os_tests/sr_logs_to_json.py
Shell mode: no
Timeout seconds: 20
Timed out: no
Exit code: 1
--- STDOUT ---
Usage: /home/vepav01/arm-systemready/common/log_parser/os_tests/sr_logs_to_json.py <os-logs-path> <post-script.log> <output JSON file path>
--- STDERR ---

================================================================================
TEST CASE: sr_logs_to_json_specific::sr_logs_to_json.py::cli_marks_missing_post_script_as_failed
STATUS: PASS
MESSAGE: CLI check passed

Command: ./run_case.sh /home/vepav01/arm-systemready/common/log_parser/os_tests/sr_logs_to_json.py
Shell mode: no
Timeout seconds: 5
Timed out: no
Exit code: 0
--- STDOUT ---

--- STDERR ---

--- POST CHECKS ---
post_check file_not_empty: /home/vepav01/arm-systemready/common/reports/_work/sr_logs_to_json_specific/sr_logs_to_json/6_cli_marks_missing_post_script_as_failed/out.json -> PASS
post_check file_contains: /home/vepav01/arm-systemready/common/reports/_work/sr_logs_to_json_specific/sr_logs_to_json/6_cli_marks_missing_post_script_as_failed/out.json contains 'post-script.log missing' -> PASS
post_check file_contains: /home/vepav01/arm-systemready/common/reports/_work/sr_logs_to_json_specific/sr_logs_to_json/6_cli_marks_missing_post_script_as_failed/out.json contains '"total_failed": 2' -> PASS

================================================================================
TEST CASE: sr_logs_to_json_specific::sr_logs_to_json.py::cli_builds_json_for_rhel_and_sle
STATUS: PASS
MESSAGE: CLI check passed

Command: ./run_case.sh /home/vepav01/arm-systemready/common/log_parser/os_tests/sr_logs_to_json.py
Shell mode: no
Timeout seconds: 5
Timed out: no
Exit code: 0
--- STDOUT ---

--- STDERR ---

--- POST CHECKS ---
post_check file_not_empty: /home/vepav01/arm-systemready/common/reports/_work/sr_logs_to_json_specific/sr_logs_to_json/5_cli_builds_json_for_rhel_and_sle/out.json -> PASS
post_check file_contains: /home/vepav01/arm-systemready/common/reports/_work/sr_logs_to_json_specific/sr_logs_to_json/5_cli_builds_json_for_rhel_and_sle/out.json contains 'Red Hat Enterprise Linux 9.3' -> PASS
post_check file_contains: /home/vepav01/arm-systemready/common/reports/_work/sr_logs_to_json_specific/sr_logs_to_json/5_cli_builds_json_for_rhel_and_sle/out.json contains 'SLES 15' -> PASS

================================================================================
TEST CASE: sr_logs_to_json_specific::sr_logs_to_json.py::cli_post_script_errors_create_failed_and_warning_subtests
STATUS: PASS
MESSAGE: CLI check passed

Command: ./run_case.sh /home/vepav01/arm-systemready/common/log_parser/os_tests/sr_logs_to_json.py
Shell mode: no
Timeout seconds: 5
Timed out: no
Exit code: 0
--- STDOUT ---

--- STDERR ---

--- POST CHECKS ---
post_check file_not_empty: /home/vepav01/arm-systemready/common/reports/_work/sr_logs_to_json_specific/sr_logs_to_json/7_cli_post_script_errors_create_failed_and_warning_subtests/out.json -> PASS
post_check file_contains: /home/vepav01/arm-systemready/common/reports/_work/sr_logs_to_json_specific/sr_logs_to_json/7_cli_post_script_errors_create_failed_and_warning_subtests/out.json contains 'fatal issue' -> PASS
post_check file_contains: /home/vepav01/arm-systemready/common/reports/_work/sr_logs_to_json_specific/sr_logs_to_json/7_cli_post_script_errors_create_failed_and_warning_subtests/out.json contains 'non-fatal issue' -> PASS
post_check file_contains: /home/vepav01/arm-systemready/common/reports/_work/sr_logs_to_json_specific/sr_logs_to_json/7_cli_post_script_errors_create_failed_and_warning_subtests/out.json contains '"total_failed": 1' -> PASS
post_check file_contains: /home/vepav01/arm-systemready/common/reports/_work/sr_logs_to_json_specific/sr_logs_to_json/7_cli_post_script_errors_create_failed_and_warning_subtests/out.json contains '"total_warnings": 1' -> PASS

