================================================================================
TEST CASE: runtime_device_mapping_conflict_checker::runtime_device_mapping_conflict_checker.py::cli_deduplicates_identical_memmap_entries
STATUS: PASS
MESSAGE: CLI check passed

Command: /home/vepav01/arm-systemready/common/reports/_work/runtime_device_mapping_conflict_checker/runtime_device_mapping_conflict_checker/20_cli_deduplicates_identical_memmap_entries/case_runner.py /home/vepav01/arm-systemready/common/linux_scripts/runtime_device_mapping_conflict_checker.py
Shell mode: no
Timeout seconds: 20
Timed out: no
Exit code: 0
--- STDOUT ---
============================================================
Testing Runtime Device Mapping Conflict Test
============================================================
INFO: Using DTS: /home/vepav01/arm-systemready/common/reports/_work/runtime_device_mapping_conflict_checker/runtime_device_mapping_conflict_checker/20_cli_deduplicates_identical_memmap_entries/device_tree.dts
INFO: Using memmap: /home/vepav01/arm-systemready/common/reports/_work/runtime_device_mapping_conflict_checker/runtime_device_mapping_conflict_checker/20_cli_deduplicates_identical_memmap_entries/memmap.log
INFO: Writing log to: /home/vepav01/arm-systemready/common/reports/_work/runtime_device_mapping_conflict_checker/runtime_device_mapping_conflict_checker/20_cli_deduplicates_identical_memmap_entries/runtime_device_mapping_conflict_test.log

INFO: ============================================================
INFO: All UEFI Memmap segments CHECKED (RT_Code/RT_Data/MMIO/MMIO_Port)
INFO: ============================================================
INFO: Total segments checked: 1
INFO: RT_Data   0x0000000000001000-0x0000000000001fff size=0x1000

INFO: ============================================================
INFO: All DTS MMIO ranges CHECKED (extracted from reg + ranges translation)
INFO: ============================================================
INFO: Total DTS ranges checked: 1
INFO: [T] /soc/uart@9000                                               0x0000000000009000-0x00000000000090ff size=0x100

=====================================================================
       Runtime Device Mapping Conflict Test Summary    
=====================================================================
DEBUG: No overlaps found between UEFI runtime regions and DTS MMIO ranges
RESULTS: PASSED
--- STDERR ---
