================================================================================
TEST CASE: runtime_device_mapping_conflict_checker::runtime_device_mapping_conflict_checker.py::cli_mock_log_open_failure_warning
STATUS: PASS
MESSAGE: Raised expected exception: OSError

Work dir: /home/vepav01/arm-systemready/common/reports/_work/runtime_device_mapping_conflict_checker/runtime_device_mapping_conflict_checker/38_cli_mock_log_open_failure_warning
Traceback (most recent call last):
  File "/home/vepav01/arm-systemready/common/yaml_test_harness/runner_checks.py", line 1392, in check_py_function
    result = func(*args, **kwargs)
             ^^^^^^^^^^^^^^^^^^^^^
  File "/home/vepav01/arm-systemready/common/linux_scripts/runtime_device_mapping_conflict_checker.py", line 720, in main
    log("============================================================")
  File "/home/vepav01/arm-systemready/common/linux_scripts/runtime_device_mapping_conflict_checker.py", line 107, in log
    _LOG_FH = OUT_LOG_PATH.open("w", encoding="utf-8", errors="replace")
              ^^^^^^^^^^^^^^^^^^^^^^^^^^^^^^^^^^^^^^^^^^^^^^^^^^^^^^^^^^
  File "/home/vepav01/arm-systemready/common/yaml_test_harness/mock_helpers.py", line 708, in _wrapped
    raise _build_exception(rule["raise"])
OSError: mocked log open failure

--- STDOUT ---

--- STDERR ---

--- POST CHECKS ---
post_check not_exists: /home/vepav01/arm-systemready/common/reports/_work/runtime_device_mapping_conflict_checker/runtime_device_mapping_conflict_checker/38_cli_mock_log_open_failure_warning/runtime_device_mapping_conflict_test.log -> PASS
