================================================================================
TEST CASE: read_write_check_blk_devices::read_write_check_blk_devices.py::mbr_parser_limitation_missing_required_columns_is_warned_and_block_io_is_skipped
STATUS: PASS
MESSAGE: Module main() check passed

Temp dir: /home/vepav01/arm-systemready/common/reports/_runner_work/runner_env_3d610f6c
Exit code: 0
--- STDOUT ---

********************************************************************************************************************************

                                                    Read block devices tool

********************************************************************************************************************************

INFO: Detected following block devices with lsblk command :
0: sda

********************************************************************************************************************************

INFO: Block device : /dev/sda
INFO: Partition table type : MBR

WARNING: Could not parse enough MBR partition IDs. Found 0, expected 1.

********************************************************************************************************************************
--- STDERR ---

--- POST CHECKS ---
post_check file_contains: /home/vepav01/arm-systemready/common/reports/_runner_work/runner_env_3d610f6c/blk_commands.log contains 'fdisk -l /dev/sda' -> PASS
post_check file_not_contains: /home/vepav01/arm-systemready/common/reports/_runner_work/runner_env_3d610f6c/blk_commands.log contains 'dd if=/dev/sda1 of=/dev/null bs=1M count=1' -> PASS
