================================================================================
TEST CASE: runtime_device_mapping_conflict_checker::runtime_device_mapping_conflict_checker.py::cli_ranges_translation_detects_conflict
STATUS: PASS
MESSAGE: CLI check passed

Command: /home/vepav01/arm-systemready/common/reports/_work/runtime_device_mapping_conflict_checker/runtime_device_mapping_conflict_checker/13_cli_ranges_translation_detects_conflict/case_runner.py /home/vepav01/arm-systemready/common/linux_scripts/runtime_device_mapping_conflict_checker.py
Shell mode: no
Timeout seconds: 20
Timed out: no
Exit code: 0
--- STDOUT ---
============================================================
Testing Runtime Device Mapping Conflict Test
============================================================
INFO: Using DTS: /home/vepav01/arm-systemready/common/reports/_work/runtime_device_mapping_conflict_checker/runtime_device_mapping_conflict_checker/13_cli_ranges_translation_detects_conflict/device_tree.dts
INFO: Using memmap: /home/vepav01/arm-systemready/common/reports/_work/runtime_device_mapping_conflict_checker/runtime_device_mapping_conflict_checker/13_cli_ranges_translation_detects_conflict/memmap.log
INFO: Writing log to: /home/vepav01/arm-systemready/common/reports/_work/runtime_device_mapping_conflict_checker/runtime_device_mapping_conflict_checker/13_cli_ranges_translation_detects_conflict/runtime_device_mapping_conflict_test.log

INFO: ============================================================
INFO: All UEFI Memmap segments CHECKED (RT_Code/RT_Data/MMIO/MMIO_Port)
INFO: ============================================================
INFO: Total segments checked: 1
INFO: RT_Code   0x000000000000a000-0x000000000000a0ff size=0x100

INFO: ============================================================
INFO: All DTS MMIO ranges CHECKED (extracted from reg + ranges translation)
INFO: ============================================================
INFO: Total DTS ranges checked: 1
INFO: [T] /soc/bus@0/uart@2000                                         0x000000000000a000-0x000000000000a0ff size=0x100

=====================================================================
       Runtime Device Mapping Conflict Test Summary    
=====================================================================
DEBUG: Conflicting regions:
DEBUG: UEFI RT_Code 0x000000000000a000-0x000000000000a0ff overlaps DTS /soc/bus@0/uart@2000 0x000000000000a000-0x000000000000a0ff (RT size=0x100, DTS size=0x100)
DEBUG: Detected 1 conflict(s)
RESULTS: FAILED
--- STDERR ---
