================================================================================
TEST CASE: merge_jsons::merge_jsons.py::dt_pfdi_conditional_mandatory_path_is_reported_correctly
STATUS: PASS
MESSAGE: Module main() check passed

Temp dir: /home/vepav01/arm-systemready/common/reports/_runner_work/runner_env_0f49caa3
Patched constant: main=<function _build_merge_jsons_module_main.<locals>._run_merge_jsons_module_main at 0x71e5d367dbc0>
Exit code: 0
--- STDOUT ---
[91mSuite: Recommended: RUNTIME_DEV_MAP: Not Compliant: not run[0m
Suite: Extension  : SCMI: Not Run
[91mSuite: Recommended: PSCI: Not Compliant: not run[0m
[91mSuite: Recommended: POST_SCRIPT: Not Compliant: not run[0m
Suite: Extension  : BBSR-TPM: Not Run
[91mSuite: Conditional-Mandatory  : PFDI: Not Compliant: Failed 1[0m
Suite: Extension  : BBSR-SCT: Not Run
[91mSuite: Mandatory  : DT_VALIDATE: Not Compliant: not run[0m
[91mSuite: Mandatory  : OS_TEST: Not Compliant: not run[0m
[91mSuite: Recommended: SMBIOS: Not Compliant: not run[0m
[91mSuite: Recommended: BSA: Not Compliant: not run[0m
[91mSuite: Mandatory  : ETHTOOL_TEST: Not Compliant: not run[0m
[91mSuite: Mandatory  : READ_WRITE_CHECK_BLK_DEVICES: Not Compliant: not run[0m
[91mSuite: Mandatory  : Capsule Update: Not Compliant: not run[0m
[91mSuite: Recommended: DT_KSELFTEST: Not Compliant: not run[0m
[91mSuite: Mandatory  : FWTS: Not Compliant: not run[0m
[91mSuite: Mandatory  : SCT: Not Compliant: not run[0m
Suite: Extension  : BBSR-FWTS: Not Run
[91mSuite: Recommended: NETWORK_BOOT: Not Compliant: not run[0m

[91mSRS requirements compliance result: Not Compliant : Mandatory - (not run: DT_VALIDATE, OS_TEST, ETHTOOL_TEST, READ_WRITE_CHECK_BLK_DEVICES, Capsule Update, FWTS, SCT; failed: PFDI) : Recommended - (not run: RUNTIME_DEV_MAP, PSCI, POST_SCRIPT, SMBIOS, BSA, DT_KSELFTEST, NETWORK_BOOT)[0m

BBSR compliance results: Not run
--- STDERR ---

--- POST CHECKS ---
post_check file_contains: /home/vepav01/arm-systemready/common/reports/_runner_work/runner_env_0f49caa3/merged.json contains 'Suite_Name: Conditional-Mandatory  : PFDI_compliance' -> PASS
