================================================================================
TEST CASE: read_write_check_blk_devices::read_write_check_blk_devices.py::cli_mbr_precious_partition_is_skipped
STATUS: PASS
MESSAGE: Module main() check passed

Temp dir: /home/vepav01/arm-systemready/common/reports/_runner_work/runner_env_15431681
Exit code: 0
--- STDOUT ---

********************************************************************************************************************************

                                                    Read block devices tool

********************************************************************************************************************************

INFO: Detected following block devices with lsblk command :
0: sda

********************************************************************************************************************************

INFO: Block device : /dev/sda
INFO: Partition table type : MBR


INFO: Partition : /dev/sda1 Partition type : 0xEF
INFO: sda1 partition is PRECIOUS
INFO: Number of 512B blocks used on /dev/sda1: 10
      EFI system partition : 0xEF
      Skipping block read/write...

********************************************************************************************************************************
--- STDERR ---

--- POST CHECKS ---
post_check ordered_contains: /home/vepav01/arm-systemready/common/reports/_runner_work/runner_env_15431681/blk_commands.log -> PASS
post_check file_not_contains: /home/vepav01/arm-systemready/common/reports/_runner_work/runner_env_15431681/blk_commands.log contains 'dd if=/dev/sda1 of=/dev/null bs=1M count=1' -> PASS
