================================================================================
TEST CASE: read_write_check_blk_devices::read_write_check_blk_devices.py::cli_skips_mtd_and_ram_disks
STATUS: PASS
MESSAGE: Module main() check passed

Temp dir: /home/vepav01/arm-systemready/common/reports/_runner_work/runner_env_edbf3a4a
Exit code: 0
--- STDOUT ---

********************************************************************************************************************************

                                                    Read block devices tool

********************************************************************************************************************************

INFO: Detected following block devices with lsblk command :
0: mtdblock0
1: ram0

********************************************************************************************************************************

INFO: Skipping MTD block device /dev/mtdblock0
INFO: Skipping RAM disk /dev/ram0
--- STDERR ---

--- POST CHECKS ---
post_check file_not_contains: /home/vepav01/arm-systemready/common/reports/_runner_work/runner_env_edbf3a4a/blk_commands.log contains 'timeout 10 gdisk -l /dev/mtdblock0' -> PASS
post_check file_not_contains: /home/vepav01/arm-systemready/common/reports/_runner_work/runner_env_edbf3a4a/blk_commands.log contains 'timeout 10 gdisk -l /dev/ram0' -> PASS
