================================================================================
TEST CASE: runtime_device_mapping_conflict_checker::runtime_device_mapping_conflict_checker.py::cli_parent_offset_translation_detects_conflict
STATUS: PASS
MESSAGE: CLI check passed

Command: /home/vepav01/arm-systemready/common/reports/_work/runtime_device_mapping_conflict_checker/runtime_device_mapping_conflict_checker/12_cli_parent_offset_translation_detects_conflict/case_runner.py /home/vepav01/arm-systemready/common/linux_scripts/runtime_device_mapping_conflict_checker.py
Shell mode: no
Timeout seconds: 20
Timed out: no
Exit code: 0
--- STDOUT ---
============================================================
Testing Runtime Device Mapping Conflict Test
============================================================
INFO: Using DTS: /home/vepav01/arm-systemready/common/reports/_work/runtime_device_mapping_conflict_checker/runtime_device_mapping_conflict_checker/12_cli_parent_offset_translation_detects_conflict/device_tree.dts
INFO: Using memmap: /home/vepav01/arm-systemready/common/reports/_work/runtime_device_mapping_conflict_checker/runtime_device_mapping_conflict_checker/12_cli_parent_offset_translation_detects_conflict/memmap.log
INFO: Writing log to: /home/vepav01/arm-systemready/common/reports/_work/runtime_device_mapping_conflict_checker/runtime_device_mapping_conflict_checker/12_cli_parent_offset_translation_detects_conflict/runtime_device_mapping_conflict_test.log

INFO: ============================================================
INFO: All UEFI Memmap segments CHECKED (RT_Code/RT_Data/MMIO/MMIO_Port)
INFO: ============================================================
INFO: Total segments checked: 1
INFO: RT_Data   0x0000000000004100-0x000000000000411f size=0x20

INFO: ============================================================
INFO: All DTS MMIO ranges CHECKED (extracted from reg + ranges translation)
INFO: ============================================================
INFO: Total DTS ranges checked: 2
INFO: [T] /soc/syscon@4000                                             0x0000000000004000-0x0000000000004fff size=0x1000
INFO: [T] /soc/syscon@4000/efuse@100                                   0x0000000000004100-0x000000000000411f size=0x20

=====================================================================
       Runtime Device Mapping Conflict Test Summary    
=====================================================================
DEBUG: Conflicting regions:
DEBUG: UEFI RT_Data 0x0000000000004100-0x000000000000411f overlaps DTS /soc/syscon@4000 0x0000000000004000-0x0000000000004fff (RT size=0x20, DTS size=0x1000)
DEBUG: UEFI RT_Data 0x0000000000004100-0x000000000000411f overlaps DTS /soc/syscon@4000/efuse@100 0x0000000000004100-0x000000000000411f (RT size=0x20, DTS size=0x20)
DEBUG: Detected 2 conflict(s)
RESULTS: FAILED
--- STDERR ---

--- POST CHECKS ---
post_check exists: /home/vepav01/arm-systemready/common/reports/_work/runtime_device_mapping_conflict_checker/runtime_device_mapping_conflict_checker/12_cli_parent_offset_translation_detects_conflict/runtime_device_mapping_conflict_test.log -> PASS
