====================================================================================================
RUN START: 2026-06-11 09:32:26
YAML: common/test_yaml/json-to-html.yaml
SUITE: post_script_json_to_html_specific
TARGETS: common/log_parser/post_script/json_to_html.py
====================================================================================================

================================================================================
TEST CASE: post_script_json_to_html_specific::json_to_html.py::post_script_invalid_json_input
STATUS: PASS
MESSAGE: CLI check passed

Command: /usr/bin/python3 /home/vepav01/arm-systemready/common/log_parser/post_script/json_to_html.py /home/vepav01/arm-systemready/common/reports/_work/post_script_json_to_html_specific/json_to_html/1_post_script_invalid_json_input/post.json /home/vepav01/arm-systemready/common/reports/_work/post_script_json_to_html_specific/json_to_html/1_post_script_invalid_json_input/detail.html /home/vepav01/arm-systemready/common/reports/_work/post_script_json_to_html_specific/json_to_html/1_post_script_invalid_json_input/summary.html
Shell mode: no
Timeout seconds: 20
Timed out: no
Exit code: 1
--- STDOUT ---

--- STDERR ---
Traceback (most recent call last):
  File "/home/vepav01/arm-systemready/common/log_parser/post_script/json_to_html.py", line 368, in <module>
    main()
  File "/home/vepav01/arm-systemready/common/log_parser/post_script/json_to_html.py", line 345, in main
    data = json.load(jf)
           ^^^^^^^^^^^^^
  File "/usr/lib/python3.12/json/__init__.py", line 293, in load
    return loads(fp.read(),
           ^^^^^^^^^^^^^^^^
  File "/usr/lib/python3.12/json/__init__.py", line 346, in loads
    return _default_decoder.decode(s)
           ^^^^^^^^^^^^^^^^^^^^^^^^^^
  File "/usr/lib/python3.12/json/decoder.py", line 337, in decode
    obj, end = self.raw_decode(s, idx=_w(s, 0).end())
               ^^^^^^^^^^^^^^^^^^^^^^^^^^^^^^^^^^^^^^
  File "/usr/lib/python3.12/json/decoder.py", line 353, in raw_decode
    obj, end = self.scan_once(s, idx)
               ^^^^^^^^^^^^^^^^^^^^^^
json.decoder.JSONDecodeError: Expecting property name enclosed in double quotes: line 1 column 3 (char 2)

================================================================================
TEST CASE: post_script_json_to_html_specific::json_to_html.py::post_script_failed_with_waiver_is_rendered_separately
STATUS: WARNING
MESSAGE: 

PHASE: expectation_check
CHECK TYPE: expect_exit_code

EXPECTED:
  exit code = 0

ACTUAL:
  exit code = 1
--------------------------------------------------------------------------------
post_check exists: /home/vepav01/arm-systemready/common/reports/_work/post_script_json_to_html_specific/json_to_html/2_post_script_failed_with_waiver_is_rendered_separately/detail.html -> FAIL
--------------------------------------------------------------------------------
post_check file_contains: /home/vepav01/arm-systemready/common/reports/_work/post_script_json_to_html_specific/json_to_html/2_post_script_failed_with_waiver_is_rendered_separately/detail.html contains 'Post Script' -> FAIL
--------------------------------------------------------------------------------
post_check file_contains: /home/vepav01/arm-systemready/common/reports/_work/post_script_json_to_html_specific/json_to_html/2_post_script_failed_with_waiver_is_rendered_separately/detail.html contains 'Waived failure' -> FAIL
--------------------------------------------------------------------------------
post_check file_contains: /home/vepav01/arm-systemready/common/reports/_work/post_script_json_to_html_specific/json_to_html/2_post_script_failed_with_waiver_is_rendered_separately/detail.html contains 'FAILED WITH WAIVER' -> FAIL
--------------------------------------------------------------------------------
post_check file_contains: /home/vepav01/arm-systemready/common/reports/_work/post_script_json_to_html_specific/json_to_html/2_post_script_failed_with_waiver_is_rendered_separately/detail.html contains 'approved' -> FAIL
--------------------------------------------------------------------------------
post_check exists: /home/vepav01/arm-systemready/common/reports/_work/post_script_json_to_html_specific/json_to_html/2_post_script_failed_with_waiver_is_rendered_separately/summary.html -> FAIL
--------------------------------------------------------------------------------
post_check file_contains: /home/vepav01/arm-systemready/common/reports/_work/post_script_json_to_html_specific/json_to_html/2_post_script_failed_with_waiver_is_rendered_separately/summary.html contains 'Result Summary' -> FAIL
--------------------------------------------------------------------------------
post_check file_contains: /home/vepav01/arm-systemready/common/reports/_work/post_script_json_to_html_specific/json_to_html/2_post_script_failed_with_waiver_is_rendered_separately/summary.html contains '<td class="fail-waiver">1</td>' -> FAIL

Command: /usr/bin/python3 /home/vepav01/arm-systemready/common/log_parser/post_script/json_to_html.py /home/vepav01/arm-systemready/common/reports/_work/post_script_json_to_html_specific/json_to_html/2_post_script_failed_with_waiver_is_rendered_separately/post.json /home/vepav01/arm-systemready/common/reports/_work/post_script_json_to_html_specific/json_to_html/2_post_script_failed_with_waiver_is_rendered_separately/detail.html /home/vepav01/arm-systemready/common/reports/_work/post_script_json_to_html_specific/json_to_html/2_post_script_failed_with_waiver_is_rendered_separately/summary.html
Shell mode: no
Timeout seconds: 20
Timed out: no
Exit code: 1
--- STDOUT ---

--- STDERR ---
Traceback (most recent call last):
  File "/home/vepav01/arm-systemready/common/log_parser/post_script/json_to_html.py", line 368, in <module>
    main()
  File "/home/vepav01/arm-systemready/common/log_parser/post_script/json_to_html.py", line 362, in main
    generate_html(suite_summary, test_results, chart_data, detailed_html_file, is_summary_page=False)
  File "/home/vepav01/arm-systemready/common/log_parser/post_script/json_to_html.py", line 324, in generate_html
    html_content = template.render(
                   ^^^^^^^^^^^^^^^^
  File "/usr/lib/python3/dist-packages/jinja2/environment.py", line 1301, in render
    self.environment.handle_exception()
  File "/usr/lib/python3/dist-packages/jinja2/environment.py", line 936, in handle_exception
    raise rewrite_traceback_stack(source=source)
  File "<template>", line 157, in top-level template code
jinja2.exceptions.UndefinedError: 'dict object' has no attribute 'PASSED'
--- POST CHECKS ---
post_check exists: /home/vepav01/arm-systemready/common/reports/_work/post_script_json_to_html_specific/json_to_html/2_post_script_failed_with_waiver_is_rendered_separately/detail.html -> FAIL
post_check file_contains: /home/vepav01/arm-systemready/common/reports/_work/post_script_json_to_html_specific/json_to_html/2_post_script_failed_with_waiver_is_rendered_separately/detail.html contains 'Post Script' -> FAIL
post_check file_contains: /home/vepav01/arm-systemready/common/reports/_work/post_script_json_to_html_specific/json_to_html/2_post_script_failed_with_waiver_is_rendered_separately/detail.html contains 'Waived failure' -> FAIL
post_check file_contains: /home/vepav01/arm-systemready/common/reports/_work/post_script_json_to_html_specific/json_to_html/2_post_script_failed_with_waiver_is_rendered_separately/detail.html contains 'FAILED WITH WAIVER' -> FAIL
post_check file_contains: /home/vepav01/arm-systemready/common/reports/_work/post_script_json_to_html_specific/json_to_html/2_post_script_failed_with_waiver_is_rendered_separately/detail.html contains 'approved' -> FAIL
post_check exists: /home/vepav01/arm-systemready/common/reports/_work/post_script_json_to_html_specific/json_to_html/2_post_script_failed_with_waiver_is_rendered_separately/summary.html -> FAIL
post_check file_contains: /home/vepav01/arm-systemready/common/reports/_work/post_script_json_to_html_specific/json_to_html/2_post_script_failed_with_waiver_is_rendered_separately/summary.html contains 'Result Summary' -> FAIL
post_check file_contains: /home/vepav01/arm-systemready/common/reports/_work/post_script_json_to_html_specific/json_to_html/2_post_script_failed_with_waiver_is_rendered_separately/summary.html contains '<td class="fail-waiver">1</td>' -> FAIL

