================================================================================
TEST CASE: merge_jsons::merge_jsons.py::cli_help_flag
STATUS: PASS
MESSAGE: CLI check passed

Command: /usr/bin/python3 /home/vepav01/arm-systemready/common/log_parser/merge_jsons.py --help
Shell mode: no
Timeout seconds: 20
Timed out: no
Exit code: 0
--- STDOUT ---
usage: merge_jsons.py [-h] output_file json_files [json_files ...]

Merge suite JSONs + acs_info.json, store compliance lines inside 'ACS Results
Summary'

positional arguments:
  output_file  Output merged JSON file
  json_files   List of JSON files to merge (including acs_info.json if
               present)

options:
  -h, --help   show this help message and exit
--- STDERR ---
