================================================================================
TEST CASE: verify_tpm_measurements::verify_tpm_measurements.py::truncated_pcr_arrays_are_reported_cleanly
STATUS: WARNING
MESSAGE: 

PHASE: expectation_check
CHECK TYPE: expect_exit_code

EXPECTED:
  exit code = 0

ACTUAL:
  exit code = 1
--------------------------------------------------------------------------------
PHASE: expectation_check
CHECK TYPE: expect_stdout_or_stderr_contains

EXPECTED:
  FAIL

ACTUAL STDOUT:
ERROR: list index out of range

ACTUAL STDERR:
<empty>

Command: ./run_case.sh /home/vepav01/arm-systemready/common/linux_scripts/verify_tpm_measurements.py
Shell mode: no
Timeout seconds: 20
Timed out: no
Exit code: 1
--- STDOUT ---
ERROR: list index out of range
--- STDERR ---
