================================================================================
TEST CASE: runtime_device_mapping_conflict_checker::runtime_device_mapping_conflict_checker.py::cli_missing_memmap_warns
STATUS: PASS
MESSAGE: CLI check passed

Command: /home/vepav01/arm-systemready/common/reports/_work/runtime_device_mapping_conflict_checker/runtime_device_mapping_conflict_checker/5_cli_missing_memmap_warns/case_runner.py /home/vepav01/arm-systemready/common/linux_scripts/runtime_device_mapping_conflict_checker.py
Shell mode: no
Timeout seconds: 20
Timed out: no
Exit code: 0
--- STDOUT ---
============================================================
Testing Runtime Device Mapping Conflict Test
============================================================
INFO: Using DTS: /home/vepav01/arm-systemready/common/reports/_work/runtime_device_mapping_conflict_checker/runtime_device_mapping_conflict_checker/5_cli_missing_memmap_warns/device_tree.dts
INFO: Using memmap: /home/vepav01/arm-systemready/common/reports/_work/runtime_device_mapping_conflict_checker/runtime_device_mapping_conflict_checker/5_cli_missing_memmap_warns/memmap.log
INFO: Writing log to: /home/vepav01/arm-systemready/common/reports/_work/runtime_device_mapping_conflict_checker/runtime_device_mapping_conflict_checker/5_cli_missing_memmap_warns/runtime_device_mapping_conflict_test.log
DEBUG: Memmap file not found: /home/vepav01/arm-systemready/common/reports/_work/runtime_device_mapping_conflict_checker/runtime_device_mapping_conflict_checker/5_cli_missing_memmap_warns/memmap.log
RESULTS: WARNINGS
--- STDERR ---

--- POST CHECKS ---
post_check exists: /home/vepav01/arm-systemready/common/reports/_work/runtime_device_mapping_conflict_checker/runtime_device_mapping_conflict_checker/5_cli_missing_memmap_warns/runtime_device_mapping_conflict_test.log -> PASS
