====================================================================================================
RUN START: 2026-06-11 09:32:29
YAML: common/test_yaml/parser_common.yaml
SUITE: parser_common
TARGETS: common/parser/Parser.py
====================================================================================================

================================================================================
TEST CASE: parser_common::Parser.py::file_exists
STATUS: PASS
MESSAGE: File exists

================================================================================
TEST CASE: parser_common::Parser.py::python_compiles
STATUS: PASS
MESSAGE: Python compilation succeeded

================================================================================
TEST CASE: parser_common::Parser.py::has_main_guard
STATUS: PASS
MESSAGE: Main guard found

================================================================================
TEST CASE: parser_common::Parser.py::cli_bsa_enabled_builds_full_command
STATUS: PASS
MESSAGE: CLI check passed

Command: /usr/bin/python3 /home/vepav01/arm-systemready/common/parser/Parser.py -bsa --config /home/vepav01/arm-systemready/common/reports/_work/parser_common/Parser/7_cli_bsa_enabled_builds_full_command/config.ini
Shell mode: no
Timeout seconds: 20
Timed out: no
Exit code: 0
--- STDOUT ---
/bin/bsa -l 3 --skip rule1,rule2  -v 1
--- STDERR ---

================================================================================
TEST CASE: parser_common::Parser.py::cli_no_args_prints_invalid_command_message
STATUS: PASS
MESSAGE: CLI check passed

Command: /usr/bin/python3 /home/vepav01/arm-systemready/common/parser/Parser.py
Shell mode: no
Timeout seconds: 20
Timed out: no
Exit code: 0
--- STDOUT ---
Please specify a valid command or use --help for more information.
--- STDERR ---

================================================================================
TEST CASE: parser_common::Parser.py::cli_bsa_disabled_or_missing_section_returns_message
STATUS: PASS
MESSAGE: CLI check passed

Command: /usr/bin/python3 /home/vepav01/arm-systemready/common/parser/Parser.py -bsa --config /home/vepav01/arm-systemready/common/reports/_work/parser_common/Parser/6_cli_bsa_disabled_or_missing_section_returns_message/config.ini
Shell mode: no
Timeout seconds: 20
Timed out: no
Exit code: 0
--- STDOUT ---
BSA section is disabled or missing.
--- STDERR ---

================================================================================
TEST CASE: parser_common::Parser.py::cli_help_flag_shows_usage_and_flags
STATUS: PASS
MESSAGE: CLI check passed

Command: /usr/bin/python3 /home/vepav01/arm-systemready/common/parser/Parser.py --help
Shell mode: no
Timeout seconds: 20
Timed out: no
Exit code: 0
--- STDOUT ---
usage: Parser.py [-h] [-bsa] [-sbsa] [-fwts] [-automation]
                 [-automation_bsa_run] [-automation_sbsa_run]
                 [-automation_fwts_run] [-automation_bbsr_fwts_run]
                 [-automation_bbsr_tpm_run] [--config CONFIG]
                 [-automation_sbmr_in_band_run]

Config parser

options:
  -h, --help            show this help message and exit
  -bsa                  Process BSA section
  -sbsa                 Process SBSA section
  -fwts                 Process FWTS section
  -automation           Process generic section
  -automation_bsa_run   Check if BSA is enabled
  -automation_sbsa_run  Check if SBSA is enabled
  -automation_fwts_run  Check if FWTS is enabled
  -automation_bbsr_fwts_run
                        Check if BBSR FWTS is enabled
  -automation_bbsr_tpm_run
                        Check if BBSR TPM is enabled
  --config CONFIG       Path to the config file
  -automation_sbmr_in_band_run
                        Check if SBMR is enabled
--- STDERR ---

================================================================================
TEST CASE: parser_common::Parser.py::cli_bsa_enabled_with_only_required_flag_prints_base_command
STATUS: PASS
MESSAGE: CLI check passed

Command: /usr/bin/python3 /home/vepav01/arm-systemready/common/parser/Parser.py -bsa --config /home/vepav01/arm-systemready/common/reports/_work/parser_common/Parser/8_cli_bsa_enabled_with_only_required_flag_prints_base_command/config.ini
Shell mode: no
Timeout seconds: 20
Timed out: no
Exit code: 0
--- STDOUT ---
/bin/bsa
--- STDERR ---

================================================================================
TEST CASE: parser_common::Parser.py::cli_sbsa_enabled_builds_full_command
STATUS: PASS
MESSAGE: CLI check passed

Command: /usr/bin/python3 /home/vepav01/arm-systemready/common/parser/Parser.py -sbsa --config /home/vepav01/arm-systemready/common/reports/_work/parser_common/Parser/10_cli_sbsa_enabled_builds_full_command/config.ini
Shell mode: no
Timeout seconds: 20
Timed out: no
Exit code: 0
--- STDOUT ---
/bin/sbsa -l 4 --skip skip_a,skip_b  -v 2
--- STDERR ---

================================================================================
TEST CASE: parser_common::Parser.py::cli_sbsa_disabled_or_missing_section_returns_message
STATUS: PASS
MESSAGE: CLI check passed

Command: /usr/bin/python3 /home/vepav01/arm-systemready/common/parser/Parser.py -sbsa --config /home/vepav01/arm-systemready/common/reports/_work/parser_common/Parser/9_cli_sbsa_disabled_or_missing_section_returns_message/config.ini
Shell mode: no
Timeout seconds: 20
Timed out: no
Exit code: 0
--- STDOUT ---
SBSA section is disabled or missing.
--- STDERR ---

================================================================================
TEST CASE: parser_common::Parser.py::cli_sbsa_enabled_with_only_required_flag_prints_base_command
STATUS: PASS
MESSAGE: CLI check passed

Command: /usr/bin/python3 /home/vepav01/arm-systemready/common/parser/Parser.py -sbsa --config /home/vepav01/arm-systemready/common/reports/_work/parser_common/Parser/11_cli_sbsa_enabled_with_only_required_flag_prints_base_command/config.ini
Shell mode: no
Timeout seconds: 20
Timed out: no
Exit code: 0
--- STDOUT ---
/bin/sbsa
--- STDERR ---

================================================================================
TEST CASE: parser_common::Parser.py::cli_fwts_disabled_or_missing_section_returns_message
STATUS: PASS
MESSAGE: CLI check passed

Command: /usr/bin/python3 /home/vepav01/arm-systemready/common/parser/Parser.py -fwts --config /home/vepav01/arm-systemready/common/reports/_work/parser_common/Parser/12_cli_fwts_disabled_or_missing_section_returns_message/config.ini
Shell mode: no
Timeout seconds: 20
Timed out: no
Exit code: 0
--- STDOUT ---
FWTS section is disabled or missing.
--- STDERR ---

================================================================================
TEST CASE: parser_common::Parser.py::cli_automation_true_prints_true
STATUS: PASS
MESSAGE: CLI check passed

Command: /usr/bin/python3 /home/vepav01/arm-systemready/common/parser/Parser.py -automation --config /home/vepav01/arm-systemready/common/reports/_work/parser_common/Parser/15_cli_automation_true_prints_true/config.ini
Shell mode: no
Timeout seconds: 20
Timed out: no
Exit code: 0
--- STDOUT ---
True
--- STDERR ---

================================================================================
TEST CASE: parser_common::Parser.py::cli_fwts_enabled_builds_module_command
STATUS: PASS
MESSAGE: CLI check passed

Command: /usr/bin/python3 /home/vepav01/arm-systemready/common/parser/Parser.py -fwts --config /home/vepav01/arm-systemready/common/reports/_work/parser_common/Parser/13_cli_fwts_enabled_builds_module_command/config.ini
Shell mode: no
Timeout seconds: 20
Timed out: no
Exit code: 0
--- STDOUT ---
fwts acpi
--- STDERR ---

================================================================================
TEST CASE: parser_common::Parser.py::cli_fwts_enabled_without_module_prints_base_command
STATUS: PASS
MESSAGE: CLI check passed

Command: /usr/bin/python3 /home/vepav01/arm-systemready/common/parser/Parser.py -fwts --config /home/vepav01/arm-systemready/common/reports/_work/parser_common/Parser/14_cli_fwts_enabled_without_module_prints_base_command/config.ini
Shell mode: no
Timeout seconds: 20
Timed out: no
Exit code: 0
--- STDOUT ---
fwts
--- STDERR ---

================================================================================
TEST CASE: parser_common::Parser.py::cli_automation_false_prints_false
STATUS: PASS
MESSAGE: CLI check passed

Command: /usr/bin/python3 /home/vepav01/arm-systemready/common/parser/Parser.py -automation --config /home/vepav01/arm-systemready/common/reports/_work/parser_common/Parser/16_cli_automation_false_prints_false/config.ini
Shell mode: no
Timeout seconds: 20
Timed out: no
Exit code: 0
--- STDOUT ---
False
--- STDERR ---

================================================================================
TEST CASE: parser_common::Parser.py::cli_automation_missing_section_reports_missing_and_false
STATUS: PASS
MESSAGE: CLI check passed

Command: /usr/bin/python3 /home/vepav01/arm-systemready/common/parser/Parser.py -automation --config /home/vepav01/arm-systemready/common/reports/_work/parser_common/Parser/17_cli_automation_missing_section_reports_missing_and_false/config.ini
Shell mode: no
Timeout seconds: 20
Timed out: no
Exit code: 0
--- STDOUT ---
Section AUTOMATION is missing in the configuration file.
False
--- STDERR ---

================================================================================
TEST CASE: parser_common::Parser.py::cli_automation_bsa_run_missing_section_reports_missing_and_false
STATUS: PASS
MESSAGE: CLI check passed

Command: /usr/bin/python3 /home/vepav01/arm-systemready/common/parser/Parser.py -automation_bsa_run --config /home/vepav01/arm-systemready/common/reports/_work/parser_common/Parser/19_cli_automation_bsa_run_missing_section_reports_missing_and_false/config.ini
Shell mode: no
Timeout seconds: 20
Timed out: no
Exit code: 0
--- STDOUT ---
Section BSA is missing in the configuration file.
False
--- STDERR ---

================================================================================
TEST CASE: parser_common::Parser.py::cli_automation_bsa_run_true_prints_true
STATUS: PASS
MESSAGE: CLI check passed

Command: /usr/bin/python3 /home/vepav01/arm-systemready/common/parser/Parser.py -automation_bsa_run --config /home/vepav01/arm-systemready/common/reports/_work/parser_common/Parser/18_cli_automation_bsa_run_true_prints_true/config.ini
Shell mode: no
Timeout seconds: 20
Timed out: no
Exit code: 0
--- STDOUT ---
True
--- STDERR ---

================================================================================
TEST CASE: parser_common::Parser.py::cli_automation_sbsa_run_false_prints_false
STATUS: PASS
MESSAGE: CLI check passed

Command: /usr/bin/python3 /home/vepav01/arm-systemready/common/parser/Parser.py -automation_sbsa_run --config /home/vepav01/arm-systemready/common/reports/_work/parser_common/Parser/20_cli_automation_sbsa_run_false_prints_false/config.ini
Shell mode: no
Timeout seconds: 20
Timed out: no
Exit code: 0
--- STDOUT ---
False
--- STDERR ---

================================================================================
TEST CASE: parser_common::Parser.py::cli_automation_bbsr_tpm_run_false_prints_false
STATUS: PASS
MESSAGE: CLI check passed

Command: /usr/bin/python3 /home/vepav01/arm-systemready/common/parser/Parser.py -automation_bbsr_tpm_run --config /home/vepav01/arm-systemready/common/reports/_work/parser_common/Parser/23_cli_automation_bbsr_tpm_run_false_prints_false/config.ini
Shell mode: no
Timeout seconds: 20
Timed out: no
Exit code: 0
--- STDOUT ---
False
--- STDERR ---

================================================================================
TEST CASE: parser_common::Parser.py::cli_automation_bbsr_fwts_run_true_prints_true
STATUS: PASS
MESSAGE: CLI check passed

Command: /usr/bin/python3 /home/vepav01/arm-systemready/common/parser/Parser.py -automation_bbsr_fwts_run --config /home/vepav01/arm-systemready/common/reports/_work/parser_common/Parser/22_cli_automation_bbsr_fwts_run_true_prints_true/config.ini
Shell mode: no
Timeout seconds: 20
Timed out: no
Exit code: 0
--- STDOUT ---
True
--- STDERR ---

================================================================================
TEST CASE: parser_common::Parser.py::cli_automation_fwts_run_true_prints_true
STATUS: PASS
MESSAGE: CLI check passed

Command: /usr/bin/python3 /home/vepav01/arm-systemready/common/parser/Parser.py -automation_fwts_run --config /home/vepav01/arm-systemready/common/reports/_work/parser_common/Parser/21_cli_automation_fwts_run_true_prints_true/config.ini
Shell mode: no
Timeout seconds: 20
Timed out: no
Exit code: 0
--- STDOUT ---
True
--- STDERR ---

================================================================================
TEST CASE: parser_common::Parser.py::cli_automation_sbmr_in_band_run_true_prints_true
STATUS: PASS
MESSAGE: CLI check passed

Command: /usr/bin/python3 /home/vepav01/arm-systemready/common/parser/Parser.py -automation_sbmr_in_band_run --config /home/vepav01/arm-systemready/common/reports/_work/parser_common/Parser/24_cli_automation_sbmr_in_band_run_true_prints_true/config.ini
Shell mode: no
Timeout seconds: 20
Timed out: no
Exit code: 0
--- STDOUT ---
True
--- STDERR ---

================================================================================
TEST CASE: parser_common::Parser.py::cli_invalid_boolean_in_bsa_section_fails
STATUS: PASS
MESSAGE: CLI check passed

Command: /usr/bin/python3 /home/vepav01/arm-systemready/common/parser/Parser.py -bsa --config /home/vepav01/arm-systemready/common/reports/_work/parser_common/Parser/25_cli_invalid_boolean_in_bsa_section_fails/config.ini
Shell mode: no
Timeout seconds: 20
Timed out: no
Exit code: 1
--- STDOUT ---

--- STDERR ---
Traceback (most recent call last):
  File "/home/vepav01/arm-systemready/common/parser/Parser.py", line 159, in <module>
    main()
  File "/home/vepav01/arm-systemready/common/parser/Parser.py", line 122, in main
    cmd = process_bsa(config)
          ^^^^^^^^^^^^^^^^^^^
  File "/home/vepav01/arm-systemready/common/parser/Parser.py", line 30, in process_bsa
    if not config.getboolean('BSA', 'automation_bsa_run', fallback=False):
           ^^^^^^^^^^^^^^^^^^^^^^^^^^^^^^^^^^^^^^^^^^^^^^^^^^^^^^^^^^^^^^
  File "/usr/lib/python3.12/configparser.py", line 806, in getboolean
    return self._get_conv(section, option, self._convert_to_boolean,
           ^^^^^^^^^^^^^^^^^^^^^^^^^^^^^^^^^^^^^^^^^^^^^^^^^^^^^^^^^
  File "/usr/lib/python3.12/configparser.py", line 786, in _get_conv
    return self._get(section, conv, option, raw=raw, vars=vars,
           ^^^^^^^^^^^^^^^^^^^^^^^^^^^^^^^^^^^^^^^^^^^^^^^^^^^^
  File "/usr/lib/python3.12/configparser.py", line 781, in _get
    return conv(self.get(section, option, **kwargs))
           ^^^^^^^^^^^^^^^^^^^^^^^^^^^^^^^^^^^^^^^^^
  File "/usr/lib/python3.12/configparser.py", line 1146, in _convert_to_boolean
    raise ValueError('Not a boolean: %s' % value)
ValueError: Not a boolean: maybe

================================================================================
TEST CASE: parser_common::Parser.py::cli_invalid_boolean_in_automation_check_fails
STATUS: PASS
MESSAGE: CLI check passed

Command: /usr/bin/python3 /home/vepav01/arm-systemready/common/parser/Parser.py -automation --config /home/vepav01/arm-systemready/common/reports/_work/parser_common/Parser/26_cli_invalid_boolean_in_automation_check_fails/config.ini
Shell mode: no
Timeout seconds: 20
Timed out: no
Exit code: 1
--- STDOUT ---

--- STDERR ---
Traceback (most recent call last):
  File "/home/vepav01/arm-systemready/common/parser/Parser.py", line 159, in <module>
    main()
  File "/home/vepav01/arm-systemready/common/parser/Parser.py", line 134, in main
    enabled = check_section_enable(config, 'AUTOMATION', 'config_enabled_for_automation_run')
              ^^^^^^^^^^^^^^^^^^^^^^^^^^^^^^^^^^^^^^^^^^^^^^^^^^^^^^^^^^^^^^^^^^^^^^^^^^^^^^^
  File "/home/vepav01/arm-systemready/common/parser/Parser.py", line 97, in check_section_enable
    enabled = config.getboolean(section, enabled_key, fallback=False)
              ^^^^^^^^^^^^^^^^^^^^^^^^^^^^^^^^^^^^^^^^^^^^^^^^^^^^^^^
  File "/usr/lib/python3.12/configparser.py", line 806, in getboolean
    return self._get_conv(section, option, self._convert_to_boolean,
           ^^^^^^^^^^^^^^^^^^^^^^^^^^^^^^^^^^^^^^^^^^^^^^^^^^^^^^^^^
  File "/usr/lib/python3.12/configparser.py", line 786, in _get_conv
    return self._get(section, conv, option, raw=raw, vars=vars,
           ^^^^^^^^^^^^^^^^^^^^^^^^^^^^^^^^^^^^^^^^^^^^^^^^^^^^
  File "/usr/lib/python3.12/configparser.py", line 781, in _get
    return conv(self.get(section, option, **kwargs))
           ^^^^^^^^^^^^^^^^^^^^^^^^^^^^^^^^^^^^^^^^^
  File "/usr/lib/python3.12/configparser.py", line 1146, in _convert_to_boolean
    raise ValueError('Not a boolean: %s' % value)
ValueError: Not a boolean: maybe

