================================================================================
TEST CASE: verify_tpm_measurements::verify_tpm_measurements.py::cli_pcr_mismatch_reports_fail_but_runs
STATUS: PASS
MESSAGE: CLI check passed

Command: ./run_case.sh /home/vepav01/arm-systemready/common/linux_scripts/verify_tpm_measurements.py
Shell mode: no
Timeout seconds: 20
Timed out: no
Exit code: 0
--- STDOUT ---
Verify that the cumulative SHA256 measurements from the event log match the TPM PCRs 0-7                      : FAIL
    PCR[1] measurements does not match for sha256
    TPM      PCR[1] : good1
    Eventlog PCR[1] : bad1
Verify the first event is the EV_NO_ACTION for the Specification ID version                                   : PASS
Verify EV_POST_CODE events for measurements of firmware to PCR[0] with recommended strings                    : PASS
Verify EV_POST_CODE events for measurements of signed critical data to PCR[0].                                : PASS
Verify secure boot policy measurements are made into PCR[7] with EV_EFI_VARIABLE_DRIVER_CONFIG                : PASS
Verify BootOrder and Boot#### variables are measured in PCR[1] withEV_EFI_VARIABLE_BOOT/EV_EFI_VARIABLE_BOOT2 : PASS
Verify boot attempts measured in PCR[4] with EV_EFI_ACTION event type                                         : PASS
Verify security relevant configuration data are measured in into PCR[1] with EV_EFI_HANDOFF_TABLES            : PASS
Verify presence of EV_SEPARATOR event for each PCR                                                            : PASS
Verify EV_TABLE_OF_DEVICES events for measurements of config data to PCR[1] with recommended strings          : PASS
Verify presence of “Exit Boot Services Invocation” event with EV_EFI_ACTION type                              : PASS
--- STDERR ---
