================================================================================
TEST CASE: acs_info::acs_info.py::cli_help_flag
STATUS: PASS
MESSAGE: CLI check passed

Command: /usr/bin/python3 /home/vepav01/arm-systemready/common/log_parser/acs_info.py --help
Shell mode: no
Timeout seconds: 20
Timed out: no
Exit code: 0
--- STDOUT ---
usage: acs_info.py [-h] [--acs_config_path ACS_CONFIG_PATH]
                   [--system_config_path SYSTEM_CONFIG_PATH]
                   [--uefi_version_log UEFI_VERSION_LOG]
                   [--dmidecode_log DMIDECODE_LOG] [--output_dir OUTPUT_DIR]
                   [--ipmitool_log IPMITOOL_LOG]

Collect ACS-like system info & summary data, then write to acs_info.txt &
acs_info.json.

options:
  -h, --help            show this help message and exit
  --acs_config_path ACS_CONFIG_PATH
                        Path to acs_config.txt (Band, version info, etc.)
  --system_config_path SYSTEM_CONFIG_PATH
                        Path to system_config.txt (extra system fields)
  --uefi_version_log UEFI_VERSION_LOG
                        Path to uefi_version.log (UTF-16 or text)
  --dmidecode_log DMIDECODE_LOG
                        Path to dmidecode log
  --output_dir OUTPUT_DIR
                        Directory where acs_info.txt and acs_info.json will be
                        created.
  --ipmitool_log IPMITOOL_LOG
                        Path to ipmitool mc info log for BMC firmware
                        extraction
--- STDERR ---
