====================================================================================================
RUN START: 2026-06-11 09:32:28
YAML: common/test_yaml/logs-to-json.yaml
SUITE: logs_to_json_common
TARGETS: common/log_parser/bbr/sct/logs_to_json_edk2.py
====================================================================================================

================================================================================
TEST CASE: logs_to_json_common::logs_to_json_edk2.py::contains_json_usage
STATUS: PASS
MESSAGE: Found pattern: json

================================================================================
TEST CASE: logs_to_json_common::logs_to_json_edk2.py::file_exists
STATUS: PASS
MESSAGE: File exists

================================================================================
TEST CASE: logs_to_json_common::logs_to_json_edk2.py::contains_parse_logic
STATUS: PASS
MESSAGE: At least one pattern matched

Matched patterns: parse, parser, parse_

================================================================================
TEST CASE: logs_to_json_common::logs_to_json_edk2.py::python_compiles
STATUS: PASS
MESSAGE: Python compilation succeeded

================================================================================
TEST CASE: logs_to_json_common::logs_to_json_edk2.py::contains_result_collection_logic
STATUS: PASS
MESSAGE: At least one pattern matched

Matched patterns: results

================================================================================
TEST CASE: logs_to_json_common::logs_to_json_edk2.py::contains_summary_logic
STATUS: PASS
MESSAGE: At least one pattern matched

Matched patterns: "result", "reason"

================================================================================
TEST CASE: logs_to_json_common::logs_to_json_edk2.py::contains_output_logic
STATUS: PASS
MESSAGE: At least one pattern matched

Matched patterns: json.dump

================================================================================
TEST CASE: logs_to_json_common::logs_to_json_edk2.py::has_main_guard
STATUS: PASS
MESSAGE: Main guard found

