====================================================================================================
RUN START: 2026-06-11 09:32:28
YAML: common/test_yaml/logs-to-json.yaml
SUITE: logs_to_json_common
TARGETS: common/log_parser/os_tests/sr_logs_to_json.py
====================================================================================================

================================================================================
TEST CASE: logs_to_json_common::sr_logs_to_json.py::file_exists
STATUS: PASS
MESSAGE: File exists

================================================================================
TEST CASE: logs_to_json_common::sr_logs_to_json.py::contains_json_usage
STATUS: PASS
MESSAGE: Found pattern: json

================================================================================
TEST CASE: logs_to_json_common::sr_logs_to_json.py::contains_parse_logic
STATUS: PASS
MESSAGE: At least one pattern matched

Matched patterns: parse, parse_

================================================================================
TEST CASE: logs_to_json_common::sr_logs_to_json.py::python_compiles
STATUS: PASS
MESSAGE: Python compilation succeeded

================================================================================
TEST CASE: logs_to_json_common::sr_logs_to_json.py::contains_result_collection_logic
STATUS: PASS
MESSAGE: At least one pattern matched

Matched patterns: subtest, test_results, results

================================================================================
TEST CASE: logs_to_json_common::sr_logs_to_json.py::contains_summary_logic
STATUS: PASS
MESSAGE: At least one pattern matched

Matched patterns: summary, suite_summary, total_

================================================================================
TEST CASE: logs_to_json_common::sr_logs_to_json.py::contains_output_logic
STATUS: PASS
MESSAGE: At least one pattern matched

Matched patterns: json.dump

================================================================================
TEST CASE: logs_to_json_common::sr_logs_to_json.py::has_main_guard
STATUS: PASS
MESSAGE: Main guard found

