================================================================================
TEST CASE: parser_common::Parser.py::cli_invalid_boolean_in_automation_check_fails
STATUS: PASS
MESSAGE: CLI check passed

Command: /usr/bin/python3 /home/vepav01/arm-systemready/common/parser/Parser.py -automation --config /home/vepav01/arm-systemready/common/reports/_work/parser_common/Parser/26_cli_invalid_boolean_in_automation_check_fails/config.ini
Shell mode: no
Timeout seconds: 20
Timed out: no
Exit code: 1
--- STDOUT ---

--- STDERR ---
Traceback (most recent call last):
  File "/home/vepav01/arm-systemready/common/parser/Parser.py", line 159, in <module>
    main()
  File "/home/vepav01/arm-systemready/common/parser/Parser.py", line 134, in main
    enabled = check_section_enable(config, 'AUTOMATION', 'config_enabled_for_automation_run')
              ^^^^^^^^^^^^^^^^^^^^^^^^^^^^^^^^^^^^^^^^^^^^^^^^^^^^^^^^^^^^^^^^^^^^^^^^^^^^^^^
  File "/home/vepav01/arm-systemready/common/parser/Parser.py", line 97, in check_section_enable
    enabled = config.getboolean(section, enabled_key, fallback=False)
              ^^^^^^^^^^^^^^^^^^^^^^^^^^^^^^^^^^^^^^^^^^^^^^^^^^^^^^^
  File "/usr/lib/python3.12/configparser.py", line 806, in getboolean
    return self._get_conv(section, option, self._convert_to_boolean,
           ^^^^^^^^^^^^^^^^^^^^^^^^^^^^^^^^^^^^^^^^^^^^^^^^^^^^^^^^^
  File "/usr/lib/python3.12/configparser.py", line 786, in _get_conv
    return self._get(section, conv, option, raw=raw, vars=vars,
           ^^^^^^^^^^^^^^^^^^^^^^^^^^^^^^^^^^^^^^^^^^^^^^^^^^^^
  File "/usr/lib/python3.12/configparser.py", line 781, in _get
    return conv(self.get(section, option, **kwargs))
           ^^^^^^^^^^^^^^^^^^^^^^^^^^^^^^^^^^^^^^^^^
  File "/usr/lib/python3.12/configparser.py", line 1146, in _convert_to_boolean
    raise ValueError('Not a boolean: %s' % value)
ValueError: Not a boolean: maybe
