================================================================================
TEST CASE: generate_acs_summary::generate_acs_summary.py::cli_generates_html_with_summary_sections
STATUS: PASS
MESSAGE: CLI check passed

Command: /usr/bin/python3 /home/vepav01/arm-systemready/common/log_parser/generate_acs_summary.py --merged_json /home/vepav01/arm-systemready/common/reports/_work/generate_acs_summary/generate_acs_summary/5_cli_generates_html_with_summary_sections/merged.json /home/vepav01/arm-systemready/common/reports/_work/generate_acs_summary/generate_acs_summary/5_cli_generates_html_with_summary_sections/bsa.html /home/vepav01/arm-systemready/common/reports/_work/generate_acs_summary/generate_acs_summary/5_cli_generates_html_with_summary_sections/sbsa.html /home/vepav01/arm-systemready/common/reports/_work/generate_acs_summary/generate_acs_summary/5_cli_generates_html_with_summary_sections/fwts.html /home/vepav01/arm-systemready/common/reports/_work/generate_acs_summary/generate_acs_summary/5_cli_generates_html_with_summary_sections/sct.html /home/vepav01/arm-systemready/common/reports/_work/generate_acs_summary/generate_acs_summary/5_cli_generates_html_with_summary_sections/bbsr_fwts.html /home/vepav01/arm-systemready/common/reports/_work/generate_acs_summary/generate_acs_summary/5_cli_generates_html_with_summary_sections/bbsr_sct.html /home/vepav01/arm-systemready/common/reports/_work/generate_acs_summary/generate_acs_summary/5_cli_generates_html_with_summary_sections/bbsr_tpm.html /home/vepav01/arm-systemready/common/reports/_work/generate_acs_summary/generate_acs_summary/5_cli_generates_html_with_summary_sections/pfdi.html /home/vepav01/arm-systemready/common/reports/_work/generate_acs_summary/generate_acs_summary/5_cli_generates_html_with_summary_sections/post_script.html /home/vepav01/arm-systemready/common/reports/_work/generate_acs_summary/generate_acs_summary/5_cli_generates_html_with_summary_sections/standalone.html /home/vepav01/arm-systemready/common/reports/_work/generate_acs_summary/generate_acs_summary/5_cli_generates_html_with_summary_sections/os_tests.html /home/vepav01/arm-systemready/common/reports/_work/generate_acs_summary/generate_acs_summary/5_cli_generates_html_with_summary_sections/capsule.html /home/vepav01/arm-systemready/common/reports/_work/generate_acs_summary/generate_acs_summary/5_cli_generates_html_with_summary_sections/sbmr_ib.html /home/vepav01/arm-systemready/common/reports/_work/generate_acs_summary/generate_acs_summary/5_cli_generates_html_with_summary_sections/sbmr_oob.html /home/vepav01/arm-systemready/common/reports/_work/generate_acs_summary/generate_acs_summary/5_cli_generates_html_with_summary_sections/scmi.html /home/vepav01/arm-systemready/common/reports/_work/generate_acs_summary/generate_acs_summary/5_cli_generates_html_with_summary_sections/summary.html --acs_info_json /home/vepav01/arm-systemready/common/reports/_work/generate_acs_summary/generate_acs_summary/5_cli_generates_html_with_summary_sections/acs_info.json
Shell mode: no
Timeout seconds: 20
Timed out: no
Exit code: 0
--- STDOUT ---
Config file  not provided or does not exist.
Config file  not provided or does not exist.
--- STDERR ---

--- POST CHECKS ---
post_check exists: /home/vepav01/arm-systemready/common/reports/_work/generate_acs_summary/generate_acs_summary/5_cli_generates_html_with_summary_sections/summary.html -> PASS
post_check file_not_empty: /home/vepav01/arm-systemready/common/reports/_work/generate_acs_summary/generate_acs_summary/5_cli_generates_html_with_summary_sections/summary.html -> PASS
post_check file_contains: /home/vepav01/arm-systemready/common/reports/_work/generate_acs_summary/generate_acs_summary/5_cli_generates_html_with_summary_sections/summary.html contains 'BSA content' -> PASS
post_check file_contains: /home/vepav01/arm-systemready/common/reports/_work/generate_acs_summary/generate_acs_summary/5_cli_generates_html_with_summary_sections/summary.html contains 'FWTS content' -> PASS
post_check file_contains: /home/vepav01/arm-systemready/common/reports/_work/generate_acs_summary/generate_acs_summary/5_cli_generates_html_with_summary_sections/summary.html contains 'SCMI content' -> PASS
post_check file_not_contains: /home/vepav01/arm-systemready/common/reports/_work/generate_acs_summary/generate_acs_summary/5_cli_generates_html_with_summary_sections/summary.html contains 'Result Summary' -> PASS
