================================================================================
TEST CASE: merge_jsons::merge_jsons.py::cli_missing_input_files_returns_zero
STATUS: PASS
MESSAGE: CLI check passed

Command: /usr/bin/python3 /home/vepav01/arm-systemready/common/log_parser/merge_jsons.py /home/vepav01/arm-systemready/common/reports/_work/merge_jsons/merge_jsons/7_cli_missing_input_files_returns_zero/merged.json /home/vepav01/arm-systemready/common/reports/_work/merge_jsons/merge_jsons/7_cli_missing_input_files_returns_zero/missing1.json /home/vepav01/arm-systemready/common/reports/_work/merge_jsons/merge_jsons/7_cli_missing_input_files_returns_zero/missing2.json
Shell mode: no
Timeout seconds: 20
Timed out: no
Exit code: 0
--- STDOUT ---
Warning: /home/vepav01/arm-systemready/common/reports/_work/merge_jsons/merge_jsons/7_cli_missing_input_files_returns_zero/missing1.json not found. Skipping.
Warning: /home/vepav01/arm-systemready/common/reports/_work/merge_jsons/merge_jsons/7_cli_missing_input_files_returns_zero/missing2.json not found. Skipping.
Suite: Recommended: SBMR-IB: Not Run
Suite: Extension  : BBSR-SCT: Not Run
[91mSuite: Mandatory  : BSA: Not Compliant: not run[0m
[91mSuite: Mandatory  : SCT: Not Compliant: not run[0m
Suite: Recommended: SBSA: Not Run
[91mSuite: Mandatory  : OS_TEST: Not Compliant: not run[0m
Suite: Extension  : BBSR-FWTS: Not Run
Suite: Recommended: SBMR-OOB: Not Run
[91mSuite: Mandatory  : FWTS: Not Compliant: not run[0m
Suite: Extension  : BBSR-TPM: Not Run

[91mSRS requirements compliance result: Not Compliant : Mandatory - (not run: BSA, SCT, OS_TEST, FWTS) : Recommended - (not run: SBMR-IB, SBSA, SBMR-OOB)[0m

BBSR compliance results: Not run
--- STDERR ---
