================================================================================
TEST CASE: merge_summary::merge_summary.py::cli_missing_input_file_fails
STATUS: PASS
MESSAGE: CLI check passed

Command: /usr/bin/python3 /home/vepav01/arm-systemready/common/log_parser/merge_summary.py /home/vepav01/arm-systemready/common/reports/_work/merge_summary/merge_summary/6_cli_missing_input_file_fails/missing_bsa_summary.html /home/vepav01/arm-systemready/common/reports/_work/merge_summary/merge_summary/6_cli_missing_input_file_fails/missing_fwts_summary.html /home/vepav01/arm-systemready/common/reports/_work/merge_summary/merge_summary/6_cli_missing_input_file_fails/acs_summary.html
Shell mode: no
Timeout seconds: 20
Timed out: no
Exit code: 1
--- STDOUT ---

--- STDERR ---
Traceback (most recent call last):
  File "/home/vepav01/arm-systemready/common/log_parser/merge_summary.py", line 51, in <module>
    merge_files(args.input_file_paths, args.merged_file_path)
  File "/home/vepav01/arm-systemready/common/log_parser/merge_summary.py", line 29, in merge_files
    file_extension, content = read_file(file_path)
                              ^^^^^^^^^^^^^^^^^^^^
  File "/home/vepav01/arm-systemready/common/log_parser/merge_summary.py", line 22, in read_file
    with open(file_path, "r") as file:
         ^^^^^^^^^^^^^^^^^^^^
FileNotFoundError: [Errno 2] No such file or directory: '/home/vepav01/arm-systemready/common/reports/_work/merge_summary/merge_summary/6_cli_missing_input_file_fails/missing_bsa_summary.html'
