================================================================================
TEST CASE: merge_jsons::merge_jsons.py::invalid_json_warning_is_emitted_once_per_bad_file
STATUS: PASS
MESSAGE: CLI check passed

Command: /usr/bin/python3 /home/vepav01/arm-systemready/common/log_parser/merge_jsons.py /home/vepav01/arm-systemready/common/reports/_work/merge_jsons/merge_jsons/29_invalid_json_warning_is_emitted_once_per_bad_file/merged.json /home/vepav01/arm-systemready/common/reports/_work/merge_jsons/merge_jsons/29_invalid_json_warning_is_emitted_once_per_bad_file/bad.json
Shell mode: no
Timeout seconds: 20
Timed out: no
Exit code: 0
--- STDOUT ---
Warning: /home/vepav01/arm-systemready/common/reports/_work/merge_jsons/merge_jsons/29_invalid_json_warning_is_emitted_once_per_bad_file/bad.json is invalid JSON. Skipping.
Warning: /home/vepav01/arm-systemready/common/reports/_work/merge_jsons/merge_jsons/29_invalid_json_warning_is_emitted_once_per_bad_file/bad.json is invalid JSON. Skipping.
Suite: Recommended: SBMR-OOB: Not Run
Suite: Extension  : BBSR-TPM: Not Run
[91mSuite: Mandatory  : SCT: Not Compliant: not run[0m
[91mSuite: Mandatory  : BSA: Not Compliant: not run[0m
[91mSuite: Mandatory  : FWTS: Not Compliant: not run[0m
Suite: Extension  : BBSR-FWTS: Not Run
Suite: Extension  : BBSR-SCT: Not Run
Suite: Recommended: SBSA: Not Run
[91mSuite: Mandatory  : OS_TEST: Not Compliant: not run[0m
Suite: Recommended: SBMR-IB: Not Run

[91mSRS requirements compliance result: Not Compliant : Mandatory - (not run: SCT, BSA, FWTS, OS_TEST) : Recommended - (not run: SBMR-OOB, SBSA, SBMR-IB)[0m

BBSR compliance results: Not run
--- STDERR ---
