================================================================================
TEST CASE: read_write_check_blk_devices::read_write_check_blk_devices.py::mounted_partition_skips_write_check_and_never_queries_space
STATUS: PASS
MESSAGE: Module main() check passed

Temp dir: /home/vepav01/arm-systemready/common/reports/_runner_work/runner_env_bfe16a83
Exit code: 0
--- STDOUT ---

********************************************************************************************************************************

                                                    Read block devices tool

********************************************************************************************************************************

INFO: Detected following block devices with lsblk command :
0: sda

********************************************************************************************************************************

INFO: Block device : /dev/sda
INFO: Partition table type : MBR


INFO: Partition : /dev/sda1 Partition type : 0x83
INFO: Performing block read on /dev/sda1 mbr_part_id = 0x83
INFO: Block read on /dev/sda1 mbr_part_id = 0x83 successful
INFO: /dev/sda1 is mounted, skipping write test.

********************************************************************************************************************************
--- STDERR ---

--- POST CHECKS ---
post_check ordered_contains: /home/vepav01/arm-systemready/common/reports/_runner_work/runner_env_bfe16a83/blk_commands.log -> PASS
post_check file_not_contains: /home/vepav01/arm-systemready/common/reports/_runner_work/runner_env_bfe16a83/blk_commands.log contains 'df -B 512 /dev/sda1 --output=used,avail' -> PASS
post_check file_not_contains: /home/vepav01/arm-systemready/common/reports/_runner_work/runner_env_bfe16a83/blk_commands.log contains 'dd if=/dev/sda1 of=sda1_backup.bin' -> PASS
