================================================================================
TEST CASE: merge_summary::merge_summary.py::cli_binary_or_non_utf8_input_fails_cleanly
STATUS: PASS
MESSAGE: CLI check passed

Command: /usr/bin/python3 /home/vepav01/arm-systemready/common/log_parser/merge_summary.py /home/vepav01/arm-systemready/common/reports/_work/merge_summary/merge_summary/14_cli_binary_or_non_utf8_input_fails_cleanly/corrupt_summary.html /home/vepav01/arm-systemready/common/reports/_work/merge_summary/merge_summary/14_cli_binary_or_non_utf8_input_fails_cleanly/acs_summary.html
Shell mode: no
Timeout seconds: 20
Timed out: no
Exit code: 1
--- STDOUT ---

--- STDERR ---
Traceback (most recent call last):
  File "/home/vepav01/arm-systemready/common/log_parser/merge_summary.py", line 51, in <module>
    merge_files(args.input_file_paths, args.merged_file_path)
  File "/home/vepav01/arm-systemready/common/log_parser/merge_summary.py", line 29, in merge_files
    file_extension, content = read_file(file_path)
                              ^^^^^^^^^^^^^^^^^^^^
  File "/home/vepav01/arm-systemready/common/log_parser/merge_summary.py", line 23, in read_file
    return file_extension, file.read()
                           ^^^^^^^^^^^
  File "<frozen codecs>", line 322, in decode
UnicodeDecodeError: 'utf-8' codec can't decode byte 0xff in position 0: invalid start byte
