================================================================================
TEST CASE: generate_acs_summary::generate_acs_summary.py::cli_requires_many_inputs
STATUS: PASS
MESSAGE: CLI check passed

Command: /usr/bin/python3 /home/vepav01/arm-systemready/common/log_parser/generate_acs_summary.py
Shell mode: no
Timeout seconds: 20
Timed out: no
Exit code: 2
--- STDOUT ---

--- STDERR ---
usage: generate_acs_summary.py [-h] [--merged_json MERGED_JSON]
                               [--acs_config_path ACS_CONFIG_PATH]
                               [--system_config_path SYSTEM_CONFIG_PATH]
                               [--uefi_version_log UEFI_VERSION_LOG]
                               [--device_tree_dts DEVICE_TREE_DTS]
                               [--acs_info_json ACS_INFO_JSON]
                               bsa_summary_path sbsa_summary_path
                               fwts_summary_path sct_summary_path
                               bbsr_fwts_summary_path bbsr_sct_summary_path
                               bbsr_tpm_summary_path pfdi_summary_path
                               post_script_summary_path
                               standalone_summary_path OS_tests_summary_path
                               capsule_update_summary_path
                               sbmr_ib_summary_path sbmr_oob_summary_path
                               scmi_summary_path output_html_path
generate_acs_summary.py: error: the following arguments are required: bsa_summary_path, sbsa_summary_path, fwts_summary_path, sct_summary_path, bbsr_fwts_summary_path, bbsr_sct_summary_path, bbsr_tpm_summary_path, pfdi_summary_path, post_script_summary_path, standalone_summary_path, OS_tests_summary_path, capsule_update_summary_path, sbmr_ib_summary_path, sbmr_oob_summary_path, scmi_summary_path, output_html_path
