====================================================================================================
RUN START: 2026-06-11 09:32:20
YAML: common/test_yaml/extract-capsule-fw-version.yaml
SUITE: extract_capsule_fw_version
TARGETS: common/linux_scripts/extract_capsule_fw_version.py
====================================================================================================

================================================================================
TEST CASE: extract_capsule_fw_version::extract_capsule_fw_version.py::file_exists
STATUS: PASS
MESSAGE: File exists

================================================================================
TEST CASE: extract_capsule_fw_version::extract_capsule_fw_version.py::python_compiles
STATUS: PASS
MESSAGE: Python compilation succeeded

================================================================================
TEST CASE: extract_capsule_fw_version::extract_capsule_fw_version.py::cli_one_arg_fails
STATUS: PASS
MESSAGE: CLI check passed

Command: /usr/bin/python3 /home/vepav01/arm-systemready/common/linux_scripts/extract_capsule_fw_version.py Capsule=([0-9A-F]+)
Shell mode: no
Timeout seconds: 20
Timed out: no
Exit code: 1
--- STDOUT ---
Usage: python3 extract_capsule_fw_version.py <pattern> <file_path>
--- STDERR ---

================================================================================
TEST CASE: extract_capsule_fw_version::extract_capsule_fw_version.py::cli_extracts_two_matching_values_in_order
STATUS: PASS
MESSAGE: CLI check passed

Command: /usr/bin/python3 /home/vepav01/arm-systemready/common/linux_scripts/extract_capsule_fw_version.py Capsule=([0-9A-F]{4}) /home/vepav01/arm-systemready/common/reports/_work/extract_capsule_fw_version/extract_capsule_fw_version/6_cli_extracts_two_matching_values_in_order/input.log
Shell mode: no
Timeout seconds: 20
Timed out: no
Exit code: 0
--- STDOUT ---
1A2B
00FF
--- STDERR ---

================================================================================
TEST CASE: extract_capsule_fw_version::extract_capsule_fw_version.py::cli_no_args_fails
STATUS: PASS
MESSAGE: CLI check passed

Command: /usr/bin/python3 /home/vepav01/arm-systemready/common/linux_scripts/extract_capsule_fw_version.py
Shell mode: no
Timeout seconds: 20
Timed out: no
Exit code: 1
--- STDOUT ---
Usage: python3 extract_capsule_fw_version.py <pattern> <file_path>
--- STDERR ---

================================================================================
TEST CASE: extract_capsule_fw_version::extract_capsule_fw_version.py::cli_no_matches_returns_zero_cleanly
STATUS: PASS
MESSAGE: CLI check passed

Command: /usr/bin/python3 /home/vepav01/arm-systemready/common/linux_scripts/extract_capsule_fw_version.py Capsule=([0-9A-F]{4}) /home/vepav01/arm-systemready/common/reports/_work/extract_capsule_fw_version/extract_capsule_fw_version/7_cli_no_matches_returns_zero_cleanly/input.log
Shell mode: no
Timeout seconds: 20
Timed out: no
Exit code: 0
--- STDOUT ---

--- STDERR ---

================================================================================
TEST CASE: extract_capsule_fw_version::extract_capsule_fw_version.py::cli_pattern_without_group_returns_zero_cleanly
STATUS: PASS
MESSAGE: CLI check passed

Command: /usr/bin/python3 /home/vepav01/arm-systemready/common/linux_scripts/extract_capsule_fw_version.py Capsule=[0-9A-F]{4} /home/vepav01/arm-systemready/common/reports/_work/extract_capsule_fw_version/extract_capsule_fw_version/8_cli_pattern_without_group_returns_zero_cleanly/input.log
Shell mode: no
Timeout seconds: 20
Timed out: no
Exit code: 0
--- STDOUT ---

--- STDERR ---

================================================================================
TEST CASE: extract_capsule_fw_version::extract_capsule_fw_version.py::cli_only_prints_group_1_not_full_match
STATUS: PASS
MESSAGE: CLI check passed

Command: /usr/bin/python3 /home/vepav01/arm-systemready/common/linux_scripts/extract_capsule_fw_version.py Capsule=([0-9A-F]{4}) /home/vepav01/arm-systemready/common/reports/_work/extract_capsule_fw_version/extract_capsule_fw_version/9_cli_only_prints_group_1_not_full_match/input.log
Shell mode: no
Timeout seconds: 20
Timed out: no
Exit code: 0
--- STDOUT ---
DEAD
--- STDERR ---

================================================================================
TEST CASE: extract_capsule_fw_version::extract_capsule_fw_version.py::cli_missing_file_is_nonzero
STATUS: PASS
MESSAGE: CLI check passed

Command: /usr/bin/python3 /home/vepav01/arm-systemready/common/linux_scripts/extract_capsule_fw_version.py Capsule=([0-9A-F]{4}) /home/vepav01/arm-systemready/common/reports/_work/extract_capsule_fw_version/extract_capsule_fw_version/5_cli_missing_file_is_nonzero/missing.log
Shell mode: no
Timeout seconds: 20
Timed out: no
Exit code: 1
--- STDOUT ---

--- STDERR ---
Traceback (most recent call last):
  File "/home/vepav01/arm-systemready/common/linux_scripts/extract_capsule_fw_version.py", line 54, in <module>
    hex_values = extract_hex_values(file_path, pattern)
                 ^^^^^^^^^^^^^^^^^^^^^^^^^^^^^^^^^^^^^^
  File "/home/vepav01/arm-systemready/common/linux_scripts/extract_capsule_fw_version.py", line 23, in extract_hex_values
    with open(file_path, 'rb') as file:
         ^^^^^^^^^^^^^^^^^^^^^
FileNotFoundError: [Errno 2] No such file or directory: '/home/vepav01/arm-systemready/common/reports/_work/extract_capsule_fw_version/extract_capsule_fw_version/5_cli_missing_file_is_nonzero/missing.log'

================================================================================
TEST CASE: extract_capsule_fw_version::extract_capsule_fw_version.py::cli_multiple_matches_same_line_prints_first_search_per_line
STATUS: PASS
MESSAGE: CLI check passed

Command: /usr/bin/python3 /home/vepav01/arm-systemready/common/linux_scripts/extract_capsule_fw_version.py Capsule=([0-9A-F]{4}) /home/vepav01/arm-systemready/common/reports/_work/extract_capsule_fw_version/extract_capsule_fw_version/10_cli_multiple_matches_same_line_prints_first_search_per_line/input.log
Shell mode: no
Timeout seconds: 20
Timed out: no
Exit code: 0
--- STDOUT ---
AAAA
--- STDERR ---

================================================================================
TEST CASE: extract_capsule_fw_version::extract_capsule_fw_version.py::cli_two_capture_groups_prints_only_first_group
STATUS: PASS
MESSAGE: CLI check passed

Command: /usr/bin/python3 /home/vepav01/arm-systemready/common/linux_scripts/extract_capsule_fw_version.py Capsule=([0-9A-F]{4}) status=(OK) /home/vepav01/arm-systemready/common/reports/_work/extract_capsule_fw_version/extract_capsule_fw_version/12_cli_two_capture_groups_prints_only_first_group/input.log
Shell mode: no
Timeout seconds: 20
Timed out: no
Exit code: 0
--- STDOUT ---
ABCD
--- STDERR ---

================================================================================
TEST CASE: extract_capsule_fw_version::extract_capsule_fw_version.py::cli_mixed_case_hex_matches
STATUS: PASS
MESSAGE: CLI check passed

Command: /usr/bin/python3 /home/vepav01/arm-systemready/common/linux_scripts/extract_capsule_fw_version.py Capsule=([0-9A-Fa-f]{4}) /home/vepav01/arm-systemready/common/reports/_work/extract_capsule_fw_version/extract_capsule_fw_version/11_cli_mixed_case_hex_matches/input.log
Shell mode: no
Timeout seconds: 20
Timed out: no
Exit code: 0
--- STDOUT ---
AbCd
--- STDERR ---

================================================================================
TEST CASE: extract_capsule_fw_version::extract_capsule_fw_version.py::cli_empty_file_returns_zero
STATUS: PASS
MESSAGE: CLI check passed

Command: /usr/bin/python3 /home/vepav01/arm-systemready/common/linux_scripts/extract_capsule_fw_version.py Capsule=([0-9A-F]{4}) /home/vepav01/arm-systemready/common/reports/_work/extract_capsule_fw_version/extract_capsule_fw_version/14_cli_empty_file_returns_zero/empty.log
Shell mode: no
Timeout seconds: 20
Timed out: no
Exit code: 0
--- STDOUT ---

--- STDERR ---

================================================================================
TEST CASE: extract_capsule_fw_version::extract_capsule_fw_version.py::cli_invalid_regex_fails
STATUS: PASS
MESSAGE: CLI check passed

Command: /usr/bin/python3 /home/vepav01/arm-systemready/common/linux_scripts/extract_capsule_fw_version.py Capsule=([0-9A-F]{4} /home/vepav01/arm-systemready/common/reports/_work/extract_capsule_fw_version/extract_capsule_fw_version/13_cli_invalid_regex_fails/input.log
Shell mode: no
Timeout seconds: 20
Timed out: no
Exit code: 1
--- STDOUT ---

--- STDERR ---
Traceback (most recent call last):
  File "/home/vepav01/arm-systemready/common/linux_scripts/extract_capsule_fw_version.py", line 54, in <module>
    hex_values = extract_hex_values(file_path, pattern)
                 ^^^^^^^^^^^^^^^^^^^^^^^^^^^^^^^^^^^^^^
  File "/home/vepav01/arm-systemready/common/linux_scripts/extract_capsule_fw_version.py", line 35, in extract_hex_values
    match = re.search(pattern, line)
            ^^^^^^^^^^^^^^^^^^^^^^^^
  File "/usr/lib/python3.12/re/__init__.py", line 177, in search
    return _compile(pattern, flags).search(string)
           ^^^^^^^^^^^^^^^^^^^^^^^^
  File "/usr/lib/python3.12/re/__init__.py", line 307, in _compile
    p = _compiler.compile(pattern, flags)
        ^^^^^^^^^^^^^^^^^^^^^^^^^^^^^^^^^
  File "/usr/lib/python3.12/re/_compiler.py", line 745, in compile
    p = _parser.parse(p, flags)
        ^^^^^^^^^^^^^^^^^^^^^^^
  File "/usr/lib/python3.12/re/_parser.py", line 979, in parse
    p = _parse_sub(source, state, flags & SRE_FLAG_VERBOSE, 0)
        ^^^^^^^^^^^^^^^^^^^^^^^^^^^^^^^^^^^^^^^^^^^^^^^^^^^^^^
  File "/usr/lib/python3.12/re/_parser.py", line 460, in _parse_sub
    itemsappend(_parse(source, state, verbose, nested + 1,
                ^^^^^^^^^^^^^^^^^^^^^^^^^^^^^^^^^^^^^^^^^^
  File "/usr/lib/python3.12/re/_parser.py", line 864, in _parse
    raise source.error("missing ), unterminated subpattern",
re.error: missing ), unterminated subpattern at position 8

