================================================================================
TEST CASE: generate_acs_summary::generate_acs_summary.py::cli_parses_merged_json_compliance_details
STATUS: PASS
MESSAGE: CLI check passed

Command: /usr/bin/python3 /home/vepav01/arm-systemready/common/log_parser/generate_acs_summary.py --merged_json /home/vepav01/arm-systemready/common/reports/_work/generate_acs_summary/generate_acs_summary/8_cli_parses_merged_json_compliance_details/merged.json /home/vepav01/arm-systemready/common/reports/_work/generate_acs_summary/generate_acs_summary/8_cli_parses_merged_json_compliance_details/bsa.html /home/vepav01/arm-systemready/common/reports/_work/generate_acs_summary/generate_acs_summary/8_cli_parses_merged_json_compliance_details/sbsa_missing.html /home/vepav01/arm-systemready/common/reports/_work/generate_acs_summary/generate_acs_summary/8_cli_parses_merged_json_compliance_details/fwts_missing.html /home/vepav01/arm-systemready/common/reports/_work/generate_acs_summary/generate_acs_summary/8_cli_parses_merged_json_compliance_details/sct_missing.html /home/vepav01/arm-systemready/common/reports/_work/generate_acs_summary/generate_acs_summary/8_cli_parses_merged_json_compliance_details/bbsr_fwts_missing.html /home/vepav01/arm-systemready/common/reports/_work/generate_acs_summary/generate_acs_summary/8_cli_parses_merged_json_compliance_details/bbsr_sct_missing.html /home/vepav01/arm-systemready/common/reports/_work/generate_acs_summary/generate_acs_summary/8_cli_parses_merged_json_compliance_details/bbsr_tpm_missing.html /home/vepav01/arm-systemready/common/reports/_work/generate_acs_summary/generate_acs_summary/8_cli_parses_merged_json_compliance_details/pfdi_missing.html /home/vepav01/arm-systemready/common/reports/_work/generate_acs_summary/generate_acs_summary/8_cli_parses_merged_json_compliance_details/post_script_missing.html /home/vepav01/arm-systemready/common/reports/_work/generate_acs_summary/generate_acs_summary/8_cli_parses_merged_json_compliance_details/standalone_missing.html /home/vepav01/arm-systemready/common/reports/_work/generate_acs_summary/generate_acs_summary/8_cli_parses_merged_json_compliance_details/os_tests_missing.html /home/vepav01/arm-systemready/common/reports/_work/generate_acs_summary/generate_acs_summary/8_cli_parses_merged_json_compliance_details/capsule_missing.html /home/vepav01/arm-systemready/common/reports/_work/generate_acs_summary/generate_acs_summary/8_cli_parses_merged_json_compliance_details/sbmr_ib_missing.html /home/vepav01/arm-systemready/common/reports/_work/generate_acs_summary/generate_acs_summary/8_cli_parses_merged_json_compliance_details/sbmr_oob_missing.html /home/vepav01/arm-systemready/common/reports/_work/generate_acs_summary/generate_acs_summary/8_cli_parses_merged_json_compliance_details/scmi_missing.html /home/vepav01/arm-systemready/common/reports/_work/generate_acs_summary/generate_acs_summary/8_cli_parses_merged_json_compliance_details/summary.html
Shell mode: no
Timeout seconds: 20
Timed out: no
Exit code: 0
--- STDOUT ---
Config file  not provided or does not exist.
Config file  not provided or does not exist.
--- STDERR ---

--- POST CHECKS ---
post_check exists: /home/vepav01/arm-systemready/common/reports/_work/generate_acs_summary/generate_acs_summary/8_cli_parses_merged_json_compliance_details/summary.html -> PASS
post_check file_contains: /home/vepav01/arm-systemready/common/reports/_work/generate_acs_summary/generate_acs_summary/8_cli_parses_merged_json_compliance_details/summary.html contains 'not run: BSA, FWTS' -> PASS
post_check file_contains: /home/vepav01/arm-systemready/common/reports/_work/generate_acs_summary/generate_acs_summary/8_cli_parses_merged_json_compliance_details/summary.html contains 'failed: SCT' -> PASS
post_check file_contains: /home/vepav01/arm-systemready/common/reports/_work/generate_acs_summary/generate_acs_summary/8_cli_parses_merged_json_compliance_details/summary.html contains 'not run: SBSA' -> PASS
post_check file_contains: /home/vepav01/arm-systemready/common/reports/_work/generate_acs_summary/generate_acs_summary/8_cli_parses_merged_json_compliance_details/summary.html contains 'failed: PFDI' -> PASS
post_check file_contains: /home/vepav01/arm-systemready/common/reports/_work/generate_acs_summary/generate_acs_summary/8_cli_parses_merged_json_compliance_details/summary.html contains 'not run: BBSR-FWTS' -> PASS
post_check file_contains: /home/vepav01/arm-systemready/common/reports/_work/generate_acs_summary/generate_acs_summary/8_cli_parses_merged_json_compliance_details/summary.html contains 'failed: BBSR-SCT' -> PASS
post_check file_contains: /home/vepav01/arm-systemready/common/reports/_work/generate_acs_summary/generate_acs_summary/8_cli_parses_merged_json_compliance_details/summary.html contains 'failed: SCMI' -> PASS
