================================================================================
TEST CASE: merge_jsons::merge_jsons.py::cli_with_acs_info_only_returns_zero
STATUS: PASS
MESSAGE: CLI check passed

Command: /usr/bin/python3 /home/vepav01/arm-systemready/common/log_parser/merge_jsons.py /home/vepav01/arm-systemready/common/reports/_work/merge_jsons/merge_jsons/10_cli_with_acs_info_only_returns_zero/merged.json /home/vepav01/arm-systemready/common/reports/_work/merge_jsons/merge_jsons/10_cli_with_acs_info_only_returns_zero/acs_info.json
Shell mode: no
Timeout seconds: 20
Timed out: no
Exit code: 0
--- STDOUT ---
Suite: Recommended: SBSA: Not Run
Suite: Extension  : BBSR-TPM: Not Run
Suite: Extension  : BBSR-SCT: Not Run
[91mSuite: Mandatory  : SCT: Not Compliant: not run[0m
[91mSuite: Mandatory  : OS_TEST: Not Compliant: not run[0m
[91mSuite: Mandatory  : FWTS: Not Compliant: not run[0m
Suite: Recommended: SBMR-OOB: Not Run
[91mSuite: Mandatory  : BSA: Not Compliant: not run[0m
Suite: Extension  : BBSR-FWTS: Not Run
Suite: Recommended: SBMR-IB: Not Run

[91mSRS requirements compliance result: Not Compliant : Mandatory - (not run: SCT, OS_TEST, FWTS, BSA) : Recommended - (not run: SBSA, SBMR-OOB, SBMR-IB)[0m

BBSR compliance results: Not run
--- STDERR ---
