================================================================================
TEST CASE: merge_jsons::merge_jsons.py::cli_with_multiple_suite_jsons_returns_zero
STATUS: PASS
MESSAGE: CLI check passed

Command: /usr/bin/python3 /home/vepav01/arm-systemready/common/log_parser/merge_jsons.py /home/vepav01/arm-systemready/common/reports/_work/merge_jsons/merge_jsons/13_cli_with_multiple_suite_jsons_returns_zero/merged.json /home/vepav01/arm-systemready/common/reports/_work/merge_jsons/merge_jsons/13_cli_with_multiple_suite_jsons_returns_zero/acs_info.json /home/vepav01/arm-systemready/common/reports/_work/merge_jsons/merge_jsons/13_cli_with_multiple_suite_jsons_returns_zero/bsa.json /home/vepav01/arm-systemready/common/reports/_work/merge_jsons/merge_jsons/13_cli_with_multiple_suite_jsons_returns_zero/fwts.json /home/vepav01/arm-systemready/common/reports/_work/merge_jsons/merge_jsons/13_cli_with_multiple_suite_jsons_returns_zero/scmi.json
Shell mode: no
Timeout seconds: 20
Timed out: no
Exit code: 0
--- STDOUT ---
Suite: Extension  : BBSR-SCT: Not Run
Suite: Recommended: SBMR-IB: Not Run
Suite: Extension  : BBSR-TPM: Not Run
[91mSuite: Mandatory  : SCT: Not Compliant: not run[0m
Suite: Recommended: SBMR-OOB: Not Run
Suite: Mandatory  : BSA: Compliant
Suite: Extension  : BBSR-FWTS: Not Run
Suite: Recommended: SBSA: Not Run
[91mSuite: Mandatory  : OS_TEST: Not Compliant: not run[0m
Suite: Mandatory  : FWTS: Compliant with waivers: Waivers 1

[91mSRS requirements compliance result: Not Compliant : Mandatory - (not run: SCT, OS_TEST) : Recommended - (not run: SBMR-IB, SBMR-OOB, SBSA)[0m

BBSR compliance results: Not run
--- STDERR ---
