====================================================================================================
RUN AT: 2026-06-11 07:03:45
====================================================================================================
STDOUT
================================================================================
common/reports/_work/runtime_device_mapping_conflict_checker/runtime_device_mapping_conflict_checker/11_cli_reg_names_with_mmap_and_register_block_skips_only_mmap/case_runner.py: error: Duplicate module named "case_runner" (also at "/home/vepav01/arm-systemready/common/reports/_work/runtime_device_mapping_conflict_checker/runtime_device_mapping_conflict_checker/10_cli_mmap_reg_name_is_ignored/case_runner.py")
common/reports/_work/runtime_device_mapping_conflict_checker/runtime_device_mapping_conflict_checker/11_cli_reg_names_with_mmap_and_register_block_skips_only_mmap/case_runner.py: note: See https://mypy.readthedocs.io/en/stable/running_mypy.html#mapping-file-paths-to-modules for more info
common/reports/_work/runtime_device_mapping_conflict_checker/runtime_device_mapping_conflict_checker/11_cli_reg_names_with_mmap_and_register_block_skips_only_mmap/case_runner.py: note: Common resolutions include: a) using `--exclude` to avoid checking one of them, b) adding `__init__.py` somewhere, c) using `--explicit-package-bases` or adjusting MYPYPATH


STDERR
================================================================================

====================================================================================================
RUN AT: 2026-06-11 07:29:00
====================================================================================================
STDOUT
================================================================================


STDERR
================================================================================

====================================================================================================
RUN AT: 2026-06-11 07:31:26
====================================================================================================
STDOUT
================================================================================


STDERR
================================================================================

====================================================================================================
RUN AT: 2026-06-11 07:37:50
====================================================================================================
STDOUT
================================================================================


STDERR
================================================================================

====================================================================================================
RUN AT: 2026-06-11 08:41:04
====================================================================================================
STDOUT
================================================================================


STDERR
================================================================================

====================================================================================================
RUN AT: 2026-06-11 08:47:58
====================================================================================================
STDOUT
================================================================================
common/linux_scripts/verify_tpm_measurements.py:41: error: Need type annotation for "print_buffer" (hint: "print_buffer: list[<type>] = ...")  [var-annotated]


STDERR
================================================================================

====================================================================================================
RUN AT: 2026-06-11 08:57:00
====================================================================================================
STDOUT
================================================================================


STDERR
================================================================================

====================================================================================================
RUN AT: 2026-06-11 09:20:29
====================================================================================================
STDOUT
================================================================================
common/yaml_test_harness/report.py:205: error: Invalid type comment or annotation  [valid-type]
common/yaml_test_harness/report.py:214: error: "object" has no attribute "write"  [attr-defined]
common/yaml_test_harness/report.py:215: error: "object" has no attribute "flush"  [attr-defined]


STDERR
================================================================================

====================================================================================================
RUN AT: 2026-06-11 09:25:56
====================================================================================================
STDOUT
================================================================================


STDERR
================================================================================

====================================================================================================
RUN AT: 2026-06-11 09:32:35
====================================================================================================
STDOUT
================================================================================


STDERR
================================================================================
