================================================================================
TEST CASE: read_write_check_blk_devices::read_write_check_blk_devices.py::write_check_restores_original_block_after_successful_verification
STATUS: PASS
MESSAGE: Function returned None

Work dir: /home/vepav01/arm-systemready/common/reports/_work/read_write_check_blk_devices/read_write_check_blk_devices/7_write_check_restores_original_block_after_successful_verification
--- STDOUT ---
INFO: Creating backup of the current block before write check...
INFO: Writing test data to the device for write check...
INFO: Reading back the test data for verification...
Original SHA256: 5ba5b889a62d98368222cef5e53305af9da2960ad6ecab48271a293d3337fb92
Read-back SHA256: 5ba5b889a62d98368222cef5e53305af9da2960ad6ecab48271a293d3337fb92
INFO: write check passed on /dev/sda1.
INFO: Restoring the backup to the device after write check...
INFO: Backup restored for /dev/sda1.
--- STDERR ---

--- POST CHECKS ---
post_check file_contains: /home/vepav01/arm-systemready/common/reports/_work/read_write_check_blk_devices/read_write_check_blk_devices/7_write_check_restores_original_block_after_successful_verification/blk_commands.log contains 'dd if=sda1_backup.bin of=/dev/sda1 bs=512 count=1 seek=10' -> PASS
post_check not_exists: /home/vepav01/arm-systemready/common/reports/_work/read_write_check_blk_devices/read_write_check_blk_devices/7_write_check_restores_original_block_after_successful_verification/hello.txt -> PASS
post_check not_exists: /home/vepav01/arm-systemready/common/reports/_work/read_write_check_blk_devices/read_write_check_blk_devices/7_write_check_restores_original_block_after_successful_verification/read_hello.txt -> PASS
post_check not_exists: /home/vepav01/arm-systemready/common/reports/_work/read_write_check_blk_devices/read_write_check_blk_devices/7_write_check_restores_original_block_after_successful_verification/sda1_backup.bin -> PASS
