================================================================================
TEST CASE: merge_jsons::merge_jsons.py::cli_with_invalid_json_and_missing_file_returns_zero
STATUS: PASS
MESSAGE: CLI check passed

Command: /usr/bin/python3 /home/vepav01/arm-systemready/common/log_parser/merge_jsons.py /home/vepav01/arm-systemready/common/reports/_work/merge_jsons/merge_jsons/9_cli_with_invalid_json_and_missing_file_returns_zero/merged.json /home/vepav01/arm-systemready/common/reports/_work/merge_jsons/merge_jsons/9_cli_with_invalid_json_and_missing_file_returns_zero/bad.json /home/vepav01/arm-systemready/common/reports/_work/merge_jsons/merge_jsons/9_cli_with_invalid_json_and_missing_file_returns_zero/missing.json
Shell mode: no
Timeout seconds: 20
Timed out: no
Exit code: 0
--- STDOUT ---
Warning: /home/vepav01/arm-systemready/common/reports/_work/merge_jsons/merge_jsons/9_cli_with_invalid_json_and_missing_file_returns_zero/bad.json is invalid JSON. Skipping.
Warning: /home/vepav01/arm-systemready/common/reports/_work/merge_jsons/merge_jsons/9_cli_with_invalid_json_and_missing_file_returns_zero/bad.json is invalid JSON. Skipping.
Warning: /home/vepav01/arm-systemready/common/reports/_work/merge_jsons/merge_jsons/9_cli_with_invalid_json_and_missing_file_returns_zero/missing.json not found. Skipping.
[91mSuite: Mandatory  : OS_TEST: Not Compliant: not run[0m
Suite: Extension  : BBSR-FWTS: Not Run
Suite: Extension  : BBSR-SCT: Not Run
Suite: Recommended: SBMR-IB: Not Run
Suite: Extension  : BBSR-TPM: Not Run
[91mSuite: Mandatory  : SCT: Not Compliant: not run[0m
Suite: Recommended: SBMR-OOB: Not Run
[91mSuite: Mandatory  : BSA: Not Compliant: not run[0m
[91mSuite: Mandatory  : FWTS: Not Compliant: not run[0m
Suite: Recommended: SBSA: Not Run

[91mSRS requirements compliance result: Not Compliant : Mandatory - (not run: OS_TEST, SCT, BSA, FWTS) : Recommended - (not run: SBMR-IB, SBMR-OOB, SBSA)[0m

BBSR compliance results: Not run
--- STDERR ---
