====================================================================================================
RUN START: 2026-06-11 09:32:29
YAML: common/test_yaml/read-write-check-blk-devices.yaml
SUITE: read_write_check_blk_devices
TARGETS: common/linux_scripts/read_write_check_blk_devices.py
====================================================================================================

================================================================================
TEST CASE: read_write_check_blk_devices::read_write_check_blk_devices.py::file_exists
STATUS: PASS
MESSAGE: File exists

================================================================================
TEST CASE: read_write_check_blk_devices::read_write_check_blk_devices.py::python_compiles
STATUS: PASS
MESSAGE: Python compilation succeeded

================================================================================
TEST CASE: read_write_check_blk_devices::read_write_check_blk_devices.py::cli_no_disks_runs_cleanly
STATUS: PASS
MESSAGE: Module main() check passed

Temp dir: /home/vepav01/arm-systemready/common/reports/_runner_work/runner_env_8ec885f5
Exit code: 0
--- STDOUT ---

********************************************************************************************************************************

                                                    Read block devices tool

********************************************************************************************************************************

INFO: Detected following block devices with lsblk command :

********************************************************************************************************************************
--- STDERR ---

--- POST CHECKS ---
post_check file_not_contains: /home/vepav01/arm-systemready/common/reports/_runner_work/runner_env_8ec885f5/blk_commands.log contains 'gdisk -l /dev/' -> PASS
post_check file_not_contains: /home/vepav01/arm-systemready/common/reports/_runner_work/runner_env_8ec885f5/blk_commands.log contains 'dd if=/dev/' -> PASS

================================================================================
TEST CASE: read_write_check_blk_devices::read_write_check_blk_devices.py::cli_skips_mtd_and_ram_disks
STATUS: PASS
MESSAGE: Module main() check passed

Temp dir: /home/vepav01/arm-systemready/common/reports/_runner_work/runner_env_edbf3a4a
Exit code: 0
--- STDOUT ---

********************************************************************************************************************************

                                                    Read block devices tool

********************************************************************************************************************************

INFO: Detected following block devices with lsblk command :
0: mtdblock0
1: ram0

********************************************************************************************************************************

INFO: Skipping MTD block device /dev/mtdblock0
INFO: Skipping RAM disk /dev/ram0
--- STDERR ---

--- POST CHECKS ---
post_check file_not_contains: /home/vepav01/arm-systemready/common/reports/_runner_work/runner_env_edbf3a4a/blk_commands.log contains 'timeout 10 gdisk -l /dev/mtdblock0' -> PASS
post_check file_not_contains: /home/vepav01/arm-systemready/common/reports/_runner_work/runner_env_edbf3a4a/blk_commands.log contains 'timeout 10 gdisk -l /dev/ram0' -> PASS

================================================================================
TEST CASE: read_write_check_blk_devices::read_write_check_blk_devices.py::cli_raw_disk_block_read_success_and_no_write_prompt
STATUS: PASS
MESSAGE: Module main() check passed

Temp dir: /home/vepav01/arm-systemready/common/reports/_runner_work/runner_env_a8c49d99
Exit code: 0
--- STDOUT ---

********************************************************************************************************************************

                                                    Read block devices tool

********************************************************************************************************************************

INFO: Detected following block devices with lsblk command :
0: sda

********************************************************************************************************************************

INFO: Block device : /dev/sda
INFO: No valid partition table found for sda, treating as raw device.
INFO: Partition table type : RAW

INFO: No partitions detected for sda, treating as raw device.
INFO: Performing block read on /dev/sda
INFO: Block read on /dev/sda successful

********************************************************************************************************************************
--- STDERR ---

--- POST CHECKS ---
post_check ordered_contains: /home/vepav01/arm-systemready/common/reports/_runner_work/runner_env_a8c49d99/blk_commands.log -> PASS
post_check file_not_contains: /home/vepav01/arm-systemready/common/reports/_runner_work/runner_env_a8c49d99/blk_commands.log contains 'df -B 512 /dev/sda --output=used,avail' -> PASS
post_check file_not_contains: /home/vepav01/arm-systemready/common/reports/_runner_work/runner_env_a8c49d99/blk_commands.log contains 'dd if=/dev/sda of=sda_backup.bin' -> PASS

================================================================================
TEST CASE: read_write_check_blk_devices::read_write_check_blk_devices.py::cli_mbr_precious_partition_is_skipped
STATUS: PASS
MESSAGE: Module main() check passed

Temp dir: /home/vepav01/arm-systemready/common/reports/_runner_work/runner_env_15431681
Exit code: 0
--- STDOUT ---

********************************************************************************************************************************

                                                    Read block devices tool

********************************************************************************************************************************

INFO: Detected following block devices with lsblk command :
0: sda

********************************************************************************************************************************

INFO: Block device : /dev/sda
INFO: Partition table type : MBR


INFO: Partition : /dev/sda1 Partition type : 0xEF
INFO: sda1 partition is PRECIOUS
INFO: Number of 512B blocks used on /dev/sda1: 10
      EFI system partition : 0xEF
      Skipping block read/write...

********************************************************************************************************************************
--- STDERR ---

--- POST CHECKS ---
post_check ordered_contains: /home/vepav01/arm-systemready/common/reports/_runner_work/runner_env_15431681/blk_commands.log -> PASS
post_check file_not_contains: /home/vepav01/arm-systemready/common/reports/_runner_work/runner_env_15431681/blk_commands.log contains 'dd if=/dev/sda1 of=/dev/null bs=1M count=1' -> PASS

================================================================================
TEST CASE: read_write_check_blk_devices::read_write_check_blk_devices.py::write_check_restores_original_block_after_successful_verification
STATUS: PASS
MESSAGE: Function returned None

Work dir: /home/vepav01/arm-systemready/common/reports/_work/read_write_check_blk_devices/read_write_check_blk_devices/7_write_check_restores_original_block_after_successful_verification
--- STDOUT ---
INFO: Creating backup of the current block before write check...
INFO: Writing test data to the device for write check...
INFO: Reading back the test data for verification...
Original SHA256: 5ba5b889a62d98368222cef5e53305af9da2960ad6ecab48271a293d3337fb92
Read-back SHA256: 5ba5b889a62d98368222cef5e53305af9da2960ad6ecab48271a293d3337fb92
INFO: write check passed on /dev/sda1.
INFO: Restoring the backup to the device after write check...
INFO: Backup restored for /dev/sda1.
--- STDERR ---

--- POST CHECKS ---
post_check file_contains: /home/vepav01/arm-systemready/common/reports/_work/read_write_check_blk_devices/read_write_check_blk_devices/7_write_check_restores_original_block_after_successful_verification/blk_commands.log contains 'dd if=sda1_backup.bin of=/dev/sda1 bs=512 count=1 seek=10' -> PASS
post_check not_exists: /home/vepav01/arm-systemready/common/reports/_work/read_write_check_blk_devices/read_write_check_blk_devices/7_write_check_restores_original_block_after_successful_verification/hello.txt -> PASS
post_check not_exists: /home/vepav01/arm-systemready/common/reports/_work/read_write_check_blk_devices/read_write_check_blk_devices/7_write_check_restores_original_block_after_successful_verification/read_hello.txt -> PASS
post_check not_exists: /home/vepav01/arm-systemready/common/reports/_work/read_write_check_blk_devices/read_write_check_blk_devices/7_write_check_restores_original_block_after_successful_verification/sda1_backup.bin -> PASS

================================================================================
TEST CASE: read_write_check_blk_devices::read_write_check_blk_devices.py::cleanup_runs_even_when_restore_is_not_reached
STATUS: PASS
MESSAGE: Function returned None

Work dir: /home/vepav01/arm-systemready/common/reports/_work/read_write_check_blk_devices/read_write_check_blk_devices/8_cleanup_runs_even_when_restore_is_not_reached
--- STDOUT ---
INFO: Creating backup of the current block before write check...
INFO: Writing test data to the device for write check...
INFO: Reading back the test data for verification...
Original SHA256: 5ba5b889a62d98368222cef5e53305af9da2960ad6ecab48271a293d3337fb92
Read-back SHA256: 6d1658a92a0c35551c1e935c4c616b3d1876f2129300aa0e042e62608889cc4b
INFO: write check failed on /dev/sda1.
WARNING: Data integrity check failed for /dev/sda1. Possible data corruption.
INFO: Restoring the backup to the device after write check...
INFO: Backup restored for /dev/sda1.
--- STDERR ---

--- POST CHECKS ---
post_check file_contains: /home/vepav01/arm-systemready/common/reports/_work/read_write_check_blk_devices/read_write_check_blk_devices/8_cleanup_runs_even_when_restore_is_not_reached/blk_commands.log contains 'dd if=sda1_backup.bin of=/dev/sda1 bs=512 count=1 seek=10' -> PASS
post_check not_exists: /home/vepav01/arm-systemready/common/reports/_work/read_write_check_blk_devices/read_write_check_blk_devices/8_cleanup_runs_even_when_restore_is_not_reached/hello.txt -> PASS
post_check not_exists: /home/vepav01/arm-systemready/common/reports/_work/read_write_check_blk_devices/read_write_check_blk_devices/8_cleanup_runs_even_when_restore_is_not_reached/read_hello.txt -> PASS
post_check not_exists: /home/vepav01/arm-systemready/common/reports/_work/read_write_check_blk_devices/read_write_check_blk_devices/8_cleanup_runs_even_when_restore_is_not_reached/sda1_backup.bin -> PASS

================================================================================
TEST CASE: read_write_check_blk_devices::read_write_check_blk_devices.py::mbr_parser_limitation_missing_required_columns_is_warned_and_block_io_is_skipped
STATUS: PASS
MESSAGE: Module main() check passed

Temp dir: /home/vepav01/arm-systemready/common/reports/_runner_work/runner_env_3d610f6c
Exit code: 0
--- STDOUT ---

********************************************************************************************************************************

                                                    Read block devices tool

********************************************************************************************************************************

INFO: Detected following block devices with lsblk command :
0: sda

********************************************************************************************************************************

INFO: Block device : /dev/sda
INFO: Partition table type : MBR

WARNING: Could not parse enough MBR partition IDs. Found 0, expected 1.

********************************************************************************************************************************
--- STDERR ---

--- POST CHECKS ---
post_check file_contains: /home/vepav01/arm-systemready/common/reports/_runner_work/runner_env_3d610f6c/blk_commands.log contains 'fdisk -l /dev/sda' -> PASS
post_check file_not_contains: /home/vepav01/arm-systemready/common/reports/_runner_work/runner_env_3d610f6c/blk_commands.log contains 'dd if=/dev/sda1 of=/dev/null bs=1M count=1' -> PASS

================================================================================
TEST CASE: read_write_check_blk_devices::read_write_check_blk_devices.py::gpt_partition_metadata_parsing_skips_partition_when_sgdisk_output_is_incomplete
STATUS: PASS
MESSAGE: Module main() check passed

Temp dir: /home/vepav01/arm-systemready/common/reports/_runner_work/runner_env_44231717
Exit code: 0
--- STDOUT ---

********************************************************************************************************************************

                                                    Read block devices tool

********************************************************************************************************************************

INFO: Detected following block devices with lsblk command :
0: sda

********************************************************************************************************************************

INFO: Block device : /dev/sda
INFO: Partition table type : GPT

INFO: Unable to parse sgdisk info for sda1. Skipping.

********************************************************************************************************************************
--- STDERR ---

--- POST CHECKS ---
post_check file_contains: /home/vepav01/arm-systemready/common/reports/_runner_work/runner_env_44231717/blk_commands.log contains 'sgdisk -i=1 /dev/sda' -> PASS
post_check file_not_contains: /home/vepav01/arm-systemready/common/reports/_runner_work/runner_env_44231717/blk_commands.log contains 'dd if=/dev/sda1 of=/dev/null bs=1M count=1' -> PASS

================================================================================
TEST CASE: read_write_check_blk_devices::read_write_check_blk_devices.py::mounted_partition_skips_write_check_and_never_queries_space
STATUS: PASS
MESSAGE: Module main() check passed

Temp dir: /home/vepav01/arm-systemready/common/reports/_runner_work/runner_env_bfe16a83
Exit code: 0
--- STDOUT ---

********************************************************************************************************************************

                                                    Read block devices tool

********************************************************************************************************************************

INFO: Detected following block devices with lsblk command :
0: sda

********************************************************************************************************************************

INFO: Block device : /dev/sda
INFO: Partition table type : MBR


INFO: Partition : /dev/sda1 Partition type : 0x83
INFO: Performing block read on /dev/sda1 mbr_part_id = 0x83
INFO: Block read on /dev/sda1 mbr_part_id = 0x83 successful
INFO: /dev/sda1 is mounted, skipping write test.

********************************************************************************************************************************
--- STDERR ---

--- POST CHECKS ---
post_check ordered_contains: /home/vepav01/arm-systemready/common/reports/_runner_work/runner_env_bfe16a83/blk_commands.log -> PASS
post_check file_not_contains: /home/vepav01/arm-systemready/common/reports/_runner_work/runner_env_bfe16a83/blk_commands.log contains 'df -B 512 /dev/sda1 --output=used,avail' -> PASS
post_check file_not_contains: /home/vepav01/arm-systemready/common/reports/_runner_work/runner_env_bfe16a83/blk_commands.log contains 'dd if=/dev/sda1 of=sda1_backup.bin' -> PASS

================================================================================
TEST CASE: read_write_check_blk_devices::read_write_check_blk_devices.py::raw_disk_path_never_reaches_write_side_dd_when_user_declines
STATUS: PASS
MESSAGE: Module main() check passed

Temp dir: /home/vepav01/arm-systemready/common/reports/_runner_work/runner_env_b0b11598
Exit code: 0
--- STDOUT ---

********************************************************************************************************************************

                                                    Read block devices tool

********************************************************************************************************************************

INFO: Detected following block devices with lsblk command :
0: sda

********************************************************************************************************************************

INFO: Block device : /dev/sda
INFO: No valid partition table found for sda, treating as raw device.
INFO: Partition table type : RAW

INFO: No partitions detected for sda, treating as raw device.
INFO: Performing block read on /dev/sda
INFO: Block read on /dev/sda successful

********************************************************************************************************************************
--- STDERR ---

--- POST CHECKS ---
post_check ordered_contains: /home/vepav01/arm-systemready/common/reports/_runner_work/runner_env_b0b11598/blk_commands.log -> PASS
post_check file_not_contains: /home/vepav01/arm-systemready/common/reports/_runner_work/runner_env_b0b11598/blk_commands.log contains 'df -B 512 /dev/sda --output=used,avail' -> PASS
post_check file_not_contains: /home/vepav01/arm-systemready/common/reports/_runner_work/runner_env_b0b11598/blk_commands.log contains 'dd if=/dev/sda of=sda_backup.bin' -> PASS

================================================================================
TEST CASE: read_write_check_blk_devices::read_write_check_blk_devices.py::readback_exception_leaves_backup_and_temp_files_behind
STATUS: PASS
MESSAGE: Raised expected exception: CalledProcessError

Work dir: /home/vepav01/arm-systemready/common/reports/_work/read_write_check_blk_devices/read_write_check_blk_devices/13_readback_exception_leaves_backup_and_temp_files_behind
Traceback (most recent call last):
  File "/home/vepav01/arm-systemready/common/yaml_test_harness/runner_checks.py", line 1392, in check_py_function
    result = func(*args, **kwargs)
             ^^^^^^^^^^^^^^^^^^^^^
  File "/home/vepav01/arm-systemready/common/linux_scripts/read_write_check_blk_devices.py", line 194, in perform_write_check
    run_command(["dd", f"if={device_path}", f"of={read_back_file}",
  File "/home/vepav01/arm-systemready/common/linux_scripts/read_write_check_blk_devices.py", line 56, in run_command
    return subprocess.run(
           ^^^^^^^^^^^^^^^
  File "/home/vepav01/arm-systemready/common/yaml_test_harness/mock_loader.py", line 143, in _mock_run
    raise build_exception_from_spec(rule["raise"])
subprocess.CalledProcessError: Command 'dd if=/dev/sda1 of=read_hello.txt bs=512 count=1 skip=10' returned non-zero exit status 1.

--- STDOUT ---
INFO: Creating backup of the current block before write check...
INFO: Writing test data to the device for write check...
INFO: Reading back the test data for verification...
--- STDERR ---

--- POST CHECKS ---
post_check exists: /home/vepav01/arm-systemready/common/reports/_work/read_write_check_blk_devices/read_write_check_blk_devices/13_readback_exception_leaves_backup_and_temp_files_behind/hello.txt -> PASS
post_check not_exists: /home/vepav01/arm-systemready/common/reports/_work/read_write_check_blk_devices/read_write_check_blk_devices/13_readback_exception_leaves_backup_and_temp_files_behind/read_hello.txt -> PASS
post_check exists: /home/vepav01/arm-systemready/common/reports/_work/read_write_check_blk_devices/read_write_check_blk_devices/13_readback_exception_leaves_backup_and_temp_files_behind/sda1_backup.bin -> PASS
post_check file_not_contains: /home/vepav01/arm-systemready/common/reports/_work/read_write_check_blk_devices/read_write_check_blk_devices/13_readback_exception_leaves_backup_and_temp_files_behind/blk_commands.log contains 'dd if=sda1_backup.bin of=/dev/sda1 bs=512 count=1 seek=10' -> PASS

================================================================================
TEST CASE: read_write_check_blk_devices::read_write_check_blk_devices.py::write_prompt_timeout_defaults_to_safe_decline
STATUS: PASS
MESSAGE: Function returned None

Work dir: /home/vepav01/arm-systemready/common/reports/_work/read_write_check_blk_devices/read_write_check_blk_devices/14_write_prompt_timeout_defaults_to_safe_decline
--- STDOUT ---

--- STDERR ---

--- POST CHECKS ---
post_check file_not_contains: /home/vepav01/arm-systemready/common/reports/_work/read_write_check_blk_devices/read_write_check_blk_devices/14_write_prompt_timeout_defaults_to_safe_decline/blk_commands.log contains 'dd if=/dev/sda1 of=sda1_backup.bin' -> PASS

================================================================================
TEST CASE: read_write_check_blk_devices::read_write_check_blk_devices.py::raw_disk_write_prompt_is_allowed_without_partition_type_guard
STATUS: PASS
MESSAGE: Module main() check passed

Temp dir: /home/vepav01/arm-systemready/common/reports/_runner_work/runner_env_5fc5fca9
Exit code: 0
--- STDOUT ---

********************************************************************************************************************************

                                                    Read block devices tool

********************************************************************************************************************************

INFO: Detected following block devices with lsblk command :
0: sda

********************************************************************************************************************************

INFO: Block device : /dev/sda
INFO: No valid partition table found for sda, treating as raw device.
INFO: Partition table type : RAW

INFO: No partitions detected for sda, treating as raw device.
INFO: Performing block read on /dev/sda
INFO: Block read on /dev/sda successful
INFO: Creating backup of the current block before write check...
INFO: Writing test data to the device for write check...
INFO: Reading back the test data for verification...
Original SHA256: 5ba5b889a62d98368222cef5e53305af9da2960ad6ecab48271a293d3337fb92
Read-back SHA256: 5ba5b889a62d98368222cef5e53305af9da2960ad6ecab48271a293d3337fb92
INFO: write check passed on /dev/sda.
INFO: Restoring the backup to the device after write check...
INFO: Backup restored for /dev/sda.

********************************************************************************************************************************
--- STDERR ---

--- POST CHECKS ---
post_check ordered_contains: /home/vepav01/arm-systemready/common/reports/_runner_work/runner_env_5fc5fca9/blk_commands.log -> PASS
post_check not_exists: /home/vepav01/arm-systemready/common/reports/_runner_work/runner_env_5fc5fca9/hello.txt -> PASS
post_check not_exists: /home/vepav01/arm-systemready/common/reports/_runner_work/runner_env_5fc5fca9/read_hello.txt -> PASS
post_check not_exists: /home/vepav01/arm-systemready/common/reports/_runner_work/runner_env_5fc5fca9/sda_backup.bin -> PASS

================================================================================
TEST CASE: read_write_check_blk_devices::read_write_check_blk_devices.py::mounted_guard_applies_only_to_write_phase_not_initial_block_read
STATUS: PASS
MESSAGE: Module main() check passed

Temp dir: /home/vepav01/arm-systemready/common/reports/_runner_work/runner_env_7dafe93e
Exit code: 0
--- STDOUT ---

********************************************************************************************************************************

                                                    Read block devices tool

********************************************************************************************************************************

INFO: Detected following block devices with lsblk command :
0: sda

********************************************************************************************************************************

INFO: Block device : /dev/sda
INFO: Partition table type : MBR


INFO: Partition : /dev/sda1 Partition type : 0x83
INFO: Performing block read on /dev/sda1 mbr_part_id = 0x83
INFO: Block read on /dev/sda1 mbr_part_id = 0x83 successful
INFO: /dev/sda1 is mounted, skipping write test.

********************************************************************************************************************************
--- STDERR ---

--- POST CHECKS ---
post_check ordered_contains: /home/vepav01/arm-systemready/common/reports/_runner_work/runner_env_7dafe93e/blk_commands.log -> PASS
post_check file_not_contains: /home/vepav01/arm-systemready/common/reports/_runner_work/runner_env_7dafe93e/blk_commands.log contains 'df -B 512 /dev/sda1 --output=used,avail' -> PASS
post_check file_not_contains: /home/vepav01/arm-systemready/common/reports/_runner_work/runner_env_7dafe93e/blk_commands.log contains 'dd if=/dev/sda1 of=sda1_backup.bin' -> PASS

