================================================================================
TEST CASE: merge_jsons::merge_jsons.py::standalone_entries_are_collapsed_under_single_standalone_section
STATUS: PASS
MESSAGE: Module main() check passed

Temp dir: /home/vepav01/arm-systemready/common/reports/_runner_work/runner_env_91722a64
Patched constant: main=<function _build_merge_jsons_module_main.<locals>._run_merge_jsons_module_main at 0x71e5d3554d60>
Exit code: 0
--- STDOUT ---
Suite: Recommended: RUNTIME_DEV_MAP: Compliant
Suite: Extension  : SCMI: Not Run
[91mSuite: Recommended: PSCI: Not Compliant: not run[0m
[91mSuite: Recommended: POST_SCRIPT: Not Compliant: not run[0m
Suite: Extension  : BBSR-TPM: Not Run
Suite: Conditional-Mandatory  : PFDI: Not Run
Suite: Extension  : BBSR-SCT: Not Run
Suite: Mandatory  : DT_VALIDATE: Compliant
[91mSuite: Mandatory  : OS_TEST: Not Compliant: not run[0m
[91mSuite: Recommended: SMBIOS: Not Compliant: not run[0m
[91mSuite: Recommended: BSA: Not Compliant: not run[0m
[91mSuite: Mandatory  : ETHTOOL_TEST: Not Compliant: not run[0m
[91mSuite: Mandatory  : READ_WRITE_CHECK_BLK_DEVICES: Not Compliant: not run[0m
[91mSuite: Mandatory  : Capsule Update: Not Compliant: not run[0m
[91mSuite: Recommended: DT_KSELFTEST: Not Compliant: not run[0m
[91mSuite: Mandatory  : FWTS: Not Compliant: not run[0m
[91mSuite: Mandatory  : SCT: Not Compliant: not run[0m
Suite: Extension  : BBSR-FWTS: Not Run
[91mSuite: Recommended: NETWORK_BOOT: Not Compliant: not run[0m

[91mSRS requirements compliance result: Not Compliant : Mandatory - (not run: OS_TEST, ETHTOOL_TEST, READ_WRITE_CHECK_BLK_DEVICES, Capsule Update, FWTS, SCT) : Recommended - (not run: PSCI, POST_SCRIPT, SMBIOS, BSA, DT_KSELFTEST, NETWORK_BOOT)[0m

BBSR compliance results: Not run
--- STDERR ---

--- POST CHECKS ---
post_check file_contains: /home/vepav01/arm-systemready/common/reports/_runner_work/runner_env_91722a64/merged.json contains 'Suite_Name: Standalone' -> PASS
post_check file_contains: /home/vepav01/arm-systemready/common/reports/_runner_work/runner_env_91722a64/merged.json contains 'DTValidation' -> PASS
post_check file_contains: /home/vepav01/arm-systemready/common/reports/_runner_work/runner_env_91722a64/merged.json contains 'EBBR requirements' -> PASS
post_check file_not_contains: /home/vepav01/arm-systemready/common/reports/_runner_work/runner_env_91722a64/merged.json contains 'Suite_Name: DT Validate' -> PASS
post_check file_not_contains: /home/vepav01/arm-systemready/common/reports/_runner_work/runner_env_91722a64/merged.json contains 'Suite_Name: Runtime device mapping' -> PASS
